#! /opt/homebrew/Cellar/icarus-verilog/12.0/bin/vvp
:ivl_version "12.0 (stable)";
:ivl_delay_selection "TYPICAL";
:vpi_time_precision - 12;
:vpi_module "/opt/homebrew/Cellar/icarus-verilog/12.0/lib/ivl/system.vpi";
:vpi_module "/opt/homebrew/Cellar/icarus-verilog/12.0/lib/ivl/vhdl_sys.vpi";
:vpi_module "/opt/homebrew/Cellar/icarus-verilog/12.0/lib/ivl/vhdl_textio.vpi";
:vpi_module "/opt/homebrew/Cellar/icarus-verilog/12.0/lib/ivl/v2005_math.vpi";
:vpi_module "/opt/homebrew/Cellar/icarus-verilog/12.0/lib/ivl/va_math.vpi";
S_0x104d29a20 .scope module, "testbench" "testbench" 2 21;
 .timescale -9 -12;
P_0x77305c000 .param/l "ACC_WIDTH" 0 2 25, +C4<00000000000000000000000000010100>;
P_0x77305c040 .param/l "CLK_PERIOD" 0 2 28, +C4<00000000000000000000000000001010>;
P_0x77305c080 .param/l "DATA_WIDTH" 0 2 24, +C4<00000000000000000000000000001000>;
P_0x77305c0c0 .param/l "KERNEL_SIZE" 0 2 26, +C4<00000000000000000000000000001001>;
P_0x77305c100 .param/l "NUM_TESTS" 0 2 27, +C4<00000000000000000000000100000000>;
v0x772c7e4e0_0 .var/i "check_idx", 31 0;
v0x772c7e580_0 .var "clk", 0 0;
v0x772c7e620 .array "exp_mem", 255 0, 7 0;
v0x772c7e6c0_0 .var/i "fail_count", 31 0;
v0x772c7e760_0 .var/i "fd", 31 0;
v0x772c7e800_0 .var/i "k", 31 0;
v0x772c7e8a0_0 .var/i "pass_count", 31 0;
v0x772c7e940 .array "pix_mem", 2303 0, 7 0;
v0x772c7e9e0_0 .var "pixels", 71 0;
v0x772c7ea80_0 .var/i "r", 31 0;
v0x772c7eb20_0 .net "ready_out", 0 0, L_0x772c7f0c0;  1 drivers
v0x772c7ebc0_0 .net "result", 7 0, v0x772c7d9a0_0;  1 drivers
v0x772c7ec60_0 .var "rst_n", 0 0;
v0x772c7ed00_0 .var/i "test_idx", 31 0;
v0x772c7eda0_0 .var "tmp", 7 0;
v0x772c7ee40_0 .var "valid_in", 0 0;
v0x772c7eee0_0 .net "valid_out", 0 0, v0x772c7dc20_0;  1 drivers
v0x772c7ef80_0 .var "weights", 71 0;
v0x772c7f020 .array "wgt_mem", 2303 0, 7 0;
S_0x104d29ba0 .scope task, "drive_input" "drive_input" 2 124, 2 124 0, S_0x104d29a20;
 .timescale -9 -12;
v0x772c7c500_0 .var/i "idx", 31 0;
v0x772c7c5a0_0 .var/i "j", 31 0;
TD_testbench.drive_input ;
    %pushi/vec4 0, 0, 32;
    %store/vec4 v0x772c7c5a0_0, 0, 32;
T_0.0 ;
    %load/vec4 v0x772c7c5a0_0;
    %cmpi/s 9, 0, 32;
    %jmp/0xz T_0.1, 5;
    %load/vec4 v0x772c7c500_0;
    %muli 9, 0, 32;
    %load/vec4 v0x772c7c5a0_0;
    %add;
    %ix/vec4/s 4;
    %load/vec4a v0x772c7e940, 4;
    %load/vec4 v0x772c7c5a0_0;
    %addi 1, 0, 32;
    %muli 8, 0, 32;
    %subi 1, 0, 32;
    %pad/s 34;
    %subi 7, 0, 34;
    %ix/vec4/s 4;
    %store/vec4 v0x772c7e9e0_0, 4, 8;
    %load/vec4 v0x772c7c500_0;
    %muli 9, 0, 32;
    %load/vec4 v0x772c7c5a0_0;
    %add;
    %ix/vec4/s 4;
    %load/vec4a v0x772c7f020, 4;
    %load/vec4 v0x772c7c5a0_0;
    %addi 1, 0, 32;
    %muli 8, 0, 32;
    %subi 1, 0, 32;
    %pad/s 34;
    %subi 7, 0, 34;
    %ix/vec4/s 4;
    %store/vec4 v0x772c7ef80_0, 4, 8;
    %load/vec4 v0x772c7c5a0_0;
    %addi 1, 0, 32;
    %store/vec4 v0x772c7c5a0_0, 0, 32;
    %jmp T_0.0;
T_0.1 ;
    %end;
S_0x104d27f00 .scope module, "dut" "cnn_layer" 2 45, 3 17 0, S_0x104d29a20;
 .timescale 0 0;
    .port_info 0 /INPUT 1 "clk";
    .port_info 1 /INPUT 1 "rst_n";
    .port_info 2 /INPUT 1 "valid_in";
    .port_info 3 /OUTPUT 1 "ready_out";
    .port_info 4 /INPUT 72 "pixels";
    .port_info 5 /INPUT 72 "weights";
    .port_info 6 /OUTPUT 8 "result";
    .port_info 7 /OUTPUT 1 "valid_out";
P_0x104d33a40 .param/l "ACC_WIDTH" 0 3 19, +C4<00000000000000000000000000010100>;
P_0x104d33a80 .param/l "DATA_WIDTH" 0 3 18, +C4<00000000000000000000000000001000>;
P_0x104d33ac0 .param/l "KERNEL_SIZE" 0 3 20, +C4<00000000000000000000000000001001>;
L_0x772c80310 .functor AND 1, v0x772c7ee40_0, L_0x772c7f0c0, C4<1>, C4<1>;
v0x772c7dcc0_0 .var "busy", 0 0;
v0x772c7dd60_0 .net "clk", 0 0, v0x772c7e580_0;  1 drivers
v0x772c7de00_0 .net "conv_result", 19 0, v0x772c7c640_0;  1 drivers
v0x772c7dea0_0 .net "conv_valid", 0 0, v0x772c7cd20_0;  1 drivers
v0x772c7df40_0 .net "pixels", 71 0, v0x772c7e9e0_0;  1 drivers
v0x772c7dfe0_0 .net "ready_out", 0 0, L_0x772c7f0c0;  alias, 1 drivers
v0x772c7e080_0 .net "result", 7 0, v0x772c7d9a0_0;  alias, 1 drivers
v0x772c7e120_0 .net "rst_n", 0 0, v0x772c7ec60_0;  1 drivers
v0x772c7e1c0_0 .net "valid_in", 0 0, v0x772c7ee40_0;  1 drivers
v0x772c7e260_0 .net "valid_out", 0 0, v0x772c7dc20_0;  alias, 1 drivers
v0x772c7e300_0 .net "weights", 71 0, v0x772c7ef80_0;  1 drivers
L_0x772c7f0c0 .reduce/nor v0x772c7dcc0_0;
S_0x104d28080 .scope module, "u_conv" "conv3x3" 3 60, 4 16 0, S_0x104d27f00;
 .timescale 0 0;
    .port_info 0 /INPUT 1 "clk";
    .port_info 1 /INPUT 1 "rst_n";
    .port_info 2 /INPUT 1 "start_in";
    .port_info 3 /INPUT 72 "pixels";
    .port_info 4 /INPUT 72 "weights";
    .port_info 5 /OUTPUT 20 "result";
    .port_info 6 /OUTPUT 1 "valid_out";
P_0x104d324a0 .param/l "ACC_WIDTH" 0 4 18, +C4<00000000000000000000000000010100>;
P_0x104d324e0 .param/l "DATA_WIDTH" 0 4 17, +C4<00000000000000000000000000001000>;
P_0x104d32520 .param/l "KERNEL_SIZE" 0 4 19, +C4<00000000000000000000000000001001>;
v0x772c7ce60_0 .net "clk", 0 0, v0x772c7e580_0;  alias, 1 drivers
v0x772c7cf00_0 .var "cur_pixel", 7 0;
v0x772c7cfa0_0 .var "cur_weight", 7 0;
v0x772c7d040_0 .var "mac_flush", 0 0;
v0x772c7d0e0_0 .var "mac_last", 0 0;
v0x772c7d180_0 .var "mac_valid", 0 0;
v0x772c7d220_0 .net "pixels", 71 0, v0x772c7e9e0_0;  alias, 1 drivers
v0x772c7d2c0 .array "px", 8 0;
v0x772c7d2c0_0 .net v0x772c7d2c0 0, 7 0, L_0x773058140; 1 drivers
v0x772c7d2c0_1 .net v0x772c7d2c0 1, 7 0, L_0x773058280; 1 drivers
v0x772c7d2c0_2 .net v0x772c7d2c0 2, 7 0, L_0x7730583c0; 1 drivers
v0x772c7d2c0_3 .net v0x772c7d2c0 3, 7 0, L_0x773058500; 1 drivers
v0x772c7d2c0_4 .net v0x772c7d2c0 4, 7 0, L_0x773058640; 1 drivers
v0x772c7d2c0_5 .net v0x772c7d2c0 5, 7 0, L_0x773058780; 1 drivers
v0x772c7d2c0_6 .net v0x772c7d2c0 6, 7 0, L_0x7730588c0; 1 drivers
v0x772c7d2c0_7 .net v0x772c7d2c0 7, 7 0, L_0x773058a00; 1 drivers
v0x772c7d2c0_8 .net v0x772c7d2c0 8, 7 0, L_0x773058b40; 1 drivers
v0x772c7d360_0 .net "result", 19 0, v0x772c7c640_0;  alias, 1 drivers
v0x772c7d400_0 .net "rst_n", 0 0, v0x772c7ec60_0;  alias, 1 drivers
v0x772c7d4a0_0 .var "running", 0 0;
v0x772c7d540_0 .net "start_in", 0 0, L_0x772c80310;  1 drivers
v0x772c7d5e0_0 .var "step", 3 0;
v0x772c7d680_0 .net "valid_out", 0 0, v0x772c7cd20_0;  alias, 1 drivers
v0x772c7d720_0 .net "weights", 71 0, v0x772c7ef80_0;  alias, 1 drivers
v0x772c7d7c0 .array "wt", 8 0;
v0x772c7d7c0_0 .net v0x772c7d7c0 0, 7 0, L_0x7730581e0; 1 drivers
v0x772c7d7c0_1 .net v0x772c7d7c0 1, 7 0, L_0x773058320; 1 drivers
v0x772c7d7c0_2 .net v0x772c7d7c0 2, 7 0, L_0x773058460; 1 drivers
v0x772c7d7c0_3 .net v0x772c7d7c0 3, 7 0, L_0x7730585a0; 1 drivers
v0x772c7d7c0_4 .net v0x772c7d7c0 4, 7 0, L_0x7730586e0; 1 drivers
v0x772c7d7c0_5 .net v0x772c7d7c0 5, 7 0, L_0x773058820; 1 drivers
v0x772c7d7c0_6 .net v0x772c7d7c0 6, 7 0, L_0x773058960; 1 drivers
v0x772c7d7c0_7 .net v0x772c7d7c0 7, 7 0, L_0x773058aa0; 1 drivers
v0x772c7d7c0_8 .net v0x772c7d7c0 8, 7 0, L_0x773058be0; 1 drivers
E_0x773044600/0 .event anyedge, v0x772c7d5e0_0, v0x772c7d2c0_0, v0x772c7d2c0_1, v0x772c7d2c0_2;
E_0x773044600/1 .event anyedge, v0x772c7d2c0_3, v0x772c7d2c0_4, v0x772c7d2c0_5, v0x772c7d2c0_6;
E_0x773044600/2 .event anyedge, v0x772c7d2c0_7, v0x772c7d2c0_8, v0x772c7d7c0_0, v0x772c7d7c0_1;
E_0x773044600/3 .event anyedge, v0x772c7d7c0_2, v0x772c7d7c0_3, v0x772c7d7c0_4, v0x772c7d7c0_5;
E_0x773044600/4 .event anyedge, v0x772c7d7c0_6, v0x772c7d7c0_7, v0x772c7d7c0_8, v0x772c7d4a0_0;
E_0x773044600 .event/or E_0x773044600/0, E_0x773044600/1, E_0x773044600/2, E_0x773044600/3, E_0x773044600/4;
L_0x773058140 .part v0x772c7e9e0_0, 0, 8;
L_0x7730581e0 .part v0x772c7ef80_0, 0, 8;
L_0x773058280 .part v0x772c7e9e0_0, 8, 8;
L_0x773058320 .part v0x772c7ef80_0, 8, 8;
L_0x7730583c0 .part v0x772c7e9e0_0, 16, 8;
L_0x773058460 .part v0x772c7ef80_0, 16, 8;
L_0x773058500 .part v0x772c7e9e0_0, 24, 8;
L_0x7730585a0 .part v0x772c7ef80_0, 24, 8;
L_0x773058640 .part v0x772c7e9e0_0, 32, 8;
L_0x7730586e0 .part v0x772c7ef80_0, 32, 8;
L_0x773058780 .part v0x772c7e9e0_0, 40, 8;
L_0x773058820 .part v0x772c7ef80_0, 40, 8;
L_0x7730588c0 .part v0x772c7e9e0_0, 48, 8;
L_0x773058960 .part v0x772c7ef80_0, 48, 8;
L_0x773058a00 .part v0x772c7e9e0_0, 56, 8;
L_0x773058aa0 .part v0x772c7ef80_0, 56, 8;
L_0x773058b40 .part v0x772c7e9e0_0, 64, 8;
L_0x773058be0 .part v0x772c7ef80_0, 64, 8;
S_0x104d201e0 .scope module, "u_mac" "mac_pe" 4 81, 5 10 0, S_0x104d28080;
 .timescale 0 0;
    .port_info 0 /INPUT 1 "clk";
    .port_info 1 /INPUT 1 "rst_n";
    .port_info 2 /INPUT 1 "flush";
    .port_info 3 /INPUT 1 "valid_in";
    .port_info 4 /INPUT 1 "last_in";
    .port_info 5 /INPUT 8 "pixel";
    .port_info 6 /INPUT 8 "weight";
    .port_info 7 /OUTPUT 20 "acc_out";
    .port_info 8 /OUTPUT 1 "valid_out";
P_0x773034280 .param/l "ACC_WIDTH" 0 5 12, +C4<00000000000000000000000000010100>;
P_0x7730342c0 .param/l "DATA_WIDTH" 0 5 11, +C4<00000000000000000000000000001000>;
v0x772c7c640_0 .var "acc_out", 19 0;
v0x772c7c6e0_0 .net "clk", 0 0, v0x772c7e580_0;  alias, 1 drivers
v0x772c7c780_0 .net "flush", 0 0, v0x772c7d040_0;  1 drivers
v0x772c7c820_0 .net "last_in", 0 0, v0x772c7d0e0_0;  1 drivers
v0x772c7c8c0_0 .net "pixel", 7 0, v0x772c7cf00_0;  1 drivers
v0x772c7c960_0 .net "rst_n", 0 0, v0x772c7ec60_0;  alias, 1 drivers
v0x772c7c460_0 .var "s1_flush", 0 0;
v0x772c7c3c0_0 .var "s1_last", 0 0;
v0x772c7c280_0 .var "s1_pixel", 7 0;
v0x772c7c0a0_0 .var "s1_valid", 0 0;
v0x772c7c140_0 .var "s1_weight", 7 0;
v0x772c7ca00_0 .var "s2_flush", 0 0;
v0x772c7caa0_0 .var "s2_last", 0 0;
v0x772c7cb40_0 .var "s2_product", 15 0;
v0x772c7cbe0_0 .var "s2_valid", 0 0;
v0x772c7cc80_0 .net "valid_in", 0 0, v0x772c7d180_0;  1 drivers
v0x772c7cd20_0 .var "valid_out", 0 0;
v0x772c7cdc0_0 .net "weight", 7 0, v0x772c7cfa0_0;  1 drivers
E_0x773044640 .event posedge, v0x772c7c6e0_0;
S_0x104d260b0 .scope generate, "unpack[0]" "unpack[0]" 4 36, 4 36 0, S_0x104d28080;
 .timescale 0 0;
P_0x773064040 .param/l "i" 1 4 36, +C4<00>;
S_0x104d28be0 .scope generate, "unpack[1]" "unpack[1]" 4 36, 4 36 0, S_0x104d28080;
 .timescale 0 0;
P_0x7730640c0 .param/l "i" 1 4 36, +C4<01>;
S_0x104d28d60 .scope generate, "unpack[2]" "unpack[2]" 4 36, 4 36 0, S_0x104d28080;
 .timescale 0 0;
P_0x773064140 .param/l "i" 1 4 36, +C4<010>;
S_0x104d342a0 .scope generate, "unpack[3]" "unpack[3]" 4 36, 4 36 0, S_0x104d28080;
 .timescale 0 0;
P_0x7730641c0 .param/l "i" 1 4 36, +C4<011>;
S_0x104d34b60 .scope generate, "unpack[4]" "unpack[4]" 4 36, 4 36 0, S_0x104d28080;
 .timescale 0 0;
P_0x773064240 .param/l "i" 1 4 36, +C4<0100>;
S_0x104d34ce0 .scope generate, "unpack[5]" "unpack[5]" 4 36, 4 36 0, S_0x104d28080;
 .timescale 0 0;
P_0x7730642c0 .param/l "i" 1 4 36, +C4<0101>;
S_0x772800000 .scope generate, "unpack[6]" "unpack[6]" 4 36, 4 36 0, S_0x104d28080;
 .timescale 0 0;
P_0x773064340 .param/l "i" 1 4 36, +C4<0110>;
S_0x772800180 .scope generate, "unpack[7]" "unpack[7]" 4 36, 4 36 0, S_0x104d28080;
 .timescale 0 0;
P_0x7730643c0 .param/l "i" 1 4 36, +C4<0111>;
S_0x772800300 .scope generate, "unpack[8]" "unpack[8]" 4 36, 4 36 0, S_0x104d28080;
 .timescale 0 0;
P_0x773064440 .param/l "i" 1 4 36, +C4<01000>;
S_0x772800480 .scope module, "u_relu" "relu" 3 74, 6 11 0, S_0x104d27f00;
 .timescale 0 0;
    .port_info 0 /INPUT 1 "clk";
    .port_info 1 /INPUT 1 "rst_n";
    .port_info 2 /INPUT 1 "valid_in";
    .port_info 3 /INPUT 20 "data_in";
    .port_info 4 /OUTPUT 8 "data_out";
    .port_info 5 /OUTPUT 1 "valid_out";
P_0x104d34e60 .param/l "IN_WIDTH" 0 6 12, +C4<00000000000000000000000000010100>;
P_0x104d34ea0 .param/l "OUT_WIDTH" 0 6 13, +C4<00000000000000000000000000001000>;
P_0x104d34ee0 .param/l "SAT_MAX" 1 6 24, C4<00000000000011111111>;
P_0x104d34f20 .param/l "ZERO" 1 6 23, +C4<00000000000000000000>;
L_0x104d32560 .functor BUFZ 20, v0x772c7c640_0, C4<00000000000000000000>, C4<00000000000000000000>, C4<00000000000000000000>;
v0x772c7d860_0 .net "clk", 0 0, v0x772c7e580_0;  alias, 1 drivers
v0x772c7d900_0 .net "data_in", 19 0, v0x772c7c640_0;  alias, 1 drivers
v0x772c7d9a0_0 .var "data_out", 7 0;
v0x772c7da40_0 .net/s "data_signed", 19 0, L_0x104d32560;  1 drivers
v0x772c7dae0_0 .net "rst_n", 0 0, v0x772c7ec60_0;  alias, 1 drivers
v0x772c7db80_0 .net "valid_in", 0 0, v0x772c7cd20_0;  alias, 1 drivers
v0x772c7dc20_0 .var "valid_out", 0 0;
S_0x772800600 .scope task, "load_expected" "load_expected" 2 108, 2 108 0, S_0x104d29a20;
 .timescale -9 -12;
v0x772c7e3a0_0 .var/i "line", 31 0;
TD_testbench.load_expected ;
    %vpi_func 2 111 "$fopen" 32, "sim/expected.hex", "r" {0 0 0};
    %store/vec4 v0x772c7e760_0, 0, 32;
    %load/vec4 v0x772c7e760_0;
    %cmpi/e 0, 0, 32;
    %jmp/0xz  T_1.2, 4;
    %vpi_call 2 113 "$display", "ERROR: Could not open sim/expected.hex" {0 0 0};
    %vpi_call 2 114 "$finish" {0 0 0};
T_1.2 ;
    %pushi/vec4 0, 0, 32;
    %store/vec4 v0x772c7e3a0_0, 0, 32;
T_1.4 ;
    %load/vec4 v0x772c7e3a0_0;
    %cmpi/s 256, 0, 32;
    %jmp/0xz T_1.5, 5;
    %vpi_func 2 117 "$fscanf" 32, v0x772c7e760_0, " %h", &A<v0x772c7e620, v0x772c7e3a0_0 > {0 0 0};
    %store/vec4 v0x772c7ea80_0, 0, 32;
    %load/vec4 v0x772c7e3a0_0;
    %addi 1, 0, 32;
    %store/vec4 v0x772c7e3a0_0, 0, 32;
    %jmp T_1.4;
T_1.5 ;
    %vpi_call 2 119 "$fclose", v0x772c7e760_0 {0 0 0};
    %end;
S_0x772800780 .scope task, "load_inputs" "load_inputs" 2 83, 2 83 0, S_0x104d29a20;
 .timescale -9 -12;
v0x772c7e440_0 .var/i "line", 31 0;
TD_testbench.load_inputs ;
    %vpi_func 2 86 "$fopen" 32, "sim/inputs.hex", "r" {0 0 0};
    %store/vec4 v0x772c7e760_0, 0, 32;
    %load/vec4 v0x772c7e760_0;
    %cmpi/e 0, 0, 32;
    %jmp/0xz  T_2.6, 4;
    %vpi_call 2 88 "$display", "ERROR: Could not open sim/inputs.hex" {0 0 0};
    %vpi_call 2 89 "$display", "       Run: python3 sim/scripts/golden_model.py first." {0 0 0};
    %vpi_call 2 90 "$finish" {0 0 0};
T_2.6 ;
    %pushi/vec4 0, 0, 32;
    %store/vec4 v0x772c7e440_0, 0, 32;
T_2.8 ;
    %load/vec4 v0x772c7e440_0;
    %cmpi/s 256, 0, 32;
    %jmp/0xz T_2.9, 5;
    %pushi/vec4 0, 0, 32;
    %store/vec4 v0x772c7e800_0, 0, 32;
T_2.10 ;
    %load/vec4 v0x772c7e800_0;
    %cmpi/s 9, 0, 32;
    %jmp/0xz T_2.11, 5;
    %vpi_func 2 95 "$fscanf" 32, v0x772c7e760_0, " %h", v0x772c7eda0_0 {0 0 0};
    %store/vec4 v0x772c7ea80_0, 0, 32;
    %load/vec4 v0x772c7eda0_0;
    %load/vec4 v0x772c7e440_0;
    %muli 9, 0, 32;
    %load/vec4 v0x772c7e800_0;
    %add;
    %ix/vec4/s 4;
    %store/vec4a v0x772c7e940, 4, 0;
    %load/vec4 v0x772c7e800_0;
    %addi 1, 0, 32;
    %store/vec4 v0x772c7e800_0, 0, 32;
    %jmp T_2.10;
T_2.11 ;
    %pushi/vec4 0, 0, 32;
    %store/vec4 v0x772c7e800_0, 0, 32;
T_2.12 ;
    %load/vec4 v0x772c7e800_0;
    %cmpi/s 9, 0, 32;
    %jmp/0xz T_2.13, 5;
    %vpi_func 2 100 "$fscanf" 32, v0x772c7e760_0, " %h", v0x772c7eda0_0 {0 0 0};
    %store/vec4 v0x772c7ea80_0, 0, 32;
    %load/vec4 v0x772c7eda0_0;
    %load/vec4 v0x772c7e440_0;
    %muli 9, 0, 32;
    %load/vec4 v0x772c7e800_0;
    %add;
    %ix/vec4/s 4;
    %store/vec4a v0x772c7f020, 4, 0;
    %load/vec4 v0x772c7e800_0;
    %addi 1, 0, 32;
    %store/vec4 v0x772c7e800_0, 0, 32;
    %jmp T_2.12;
T_2.13 ;
    %load/vec4 v0x772c7e440_0;
    %addi 1, 0, 32;
    %store/vec4 v0x772c7e440_0, 0, 32;
    %jmp T_2.8;
T_2.9 ;
    %vpi_call 2 104 "$fclose", v0x772c7e760_0 {0 0 0};
    %end;
    .scope S_0x104d201e0;
T_3 ;
    %wait E_0x773044640;
    %load/vec4 v0x772c7c960_0;
    %nor/r;
    %flag_set/vec4 8;
    %jmp/0xz  T_3.0, 8;
    %pushi/vec4 0, 0, 8;
    %assign/vec4 v0x772c7c280_0, 0;
    %pushi/vec4 0, 0, 8;
    %assign/vec4 v0x772c7c140_0, 0;
    %pushi/vec4 0, 0, 1;
    %assign/vec4 v0x772c7c0a0_0, 0;
    %pushi/vec4 0, 0, 1;
    %assign/vec4 v0x772c7c460_0, 0;
    %pushi/vec4 0, 0, 1;
    %assign/vec4 v0x772c7c3c0_0, 0;
    %jmp T_3.1;
T_3.0 ;
    %load/vec4 v0x772c7c8c0_0;
    %assign/vec4 v0x772c7c280_0, 0;
    %load/vec4 v0x772c7cdc0_0;
    %assign/vec4 v0x772c7c140_0, 0;
    %load/vec4 v0x772c7cc80_0;
    %assign/vec4 v0x772c7c0a0_0, 0;
    %load/vec4 v0x772c7c780_0;
    %assign/vec4 v0x772c7c460_0, 0;
    %load/vec4 v0x772c7c820_0;
    %assign/vec4 v0x772c7c3c0_0, 0;
T_3.1 ;
    %jmp T_3;
    .thread T_3;
    .scope S_0x104d201e0;
T_4 ;
    %wait E_0x773044640;
    %load/vec4 v0x772c7c960_0;
    %nor/r;
    %flag_set/vec4 8;
    %jmp/0xz  T_4.0, 8;
    %pushi/vec4 0, 0, 16;
    %assign/vec4 v0x772c7cb40_0, 0;
    %pushi/vec4 0, 0, 1;
    %assign/vec4 v0x772c7cbe0_0, 0;
    %pushi/vec4 0, 0, 1;
    %assign/vec4 v0x772c7ca00_0, 0;
    %pushi/vec4 0, 0, 1;
    %assign/vec4 v0x772c7caa0_0, 0;
    %jmp T_4.1;
T_4.0 ;
    %load/vec4 v0x772c7c280_0;
    %pad/u 16;
    %load/vec4 v0x772c7c140_0;
    %pad/u 16;
    %mul;
    %assign/vec4 v0x772c7cb40_0, 0;
    %load/vec4 v0x772c7c0a0_0;
    %assign/vec4 v0x772c7cbe0_0, 0;
    %load/vec4 v0x772c7c460_0;
    %assign/vec4 v0x772c7ca00_0, 0;
    %load/vec4 v0x772c7c3c0_0;
    %assign/vec4 v0x772c7caa0_0, 0;
T_4.1 ;
    %jmp T_4;
    .thread T_4;
    .scope S_0x104d201e0;
T_5 ;
    %wait E_0x773044640;
    %load/vec4 v0x772c7c960_0;
    %nor/r;
    %flag_set/vec4 8;
    %jmp/0xz  T_5.0, 8;
    %pushi/vec4 0, 0, 20;
    %assign/vec4 v0x772c7c640_0, 0;
    %pushi/vec4 0, 0, 1;
    %assign/vec4 v0x772c7cd20_0, 0;
    %jmp T_5.1;
T_5.0 ;
    %load/vec4 v0x772c7cbe0_0;
    %flag_set/vec4 8;
    %flag_get/vec4 8;
    %jmp/0 T_5.2, 8;
    %load/vec4 v0x772c7caa0_0;
    %and;
T_5.2;
    %assign/vec4 v0x772c7cd20_0, 0;
    %load/vec4 v0x772c7ca00_0;
    %flag_set/vec4 8;
    %jmp/0xz  T_5.3, 8;
    %pushi/vec4 0, 0, 4;
    %load/vec4 v0x772c7cb40_0;
    %concat/vec4; draw_concat_vec4
    %assign/vec4 v0x772c7c640_0, 0;
    %jmp T_5.4;
T_5.3 ;
    %load/vec4 v0x772c7cbe0_0;
    %flag_set/vec4 8;
    %jmp/0xz  T_5.5, 8;
    %load/vec4 v0x772c7c640_0;
    %pushi/vec4 0, 0, 4;
    %load/vec4 v0x772c7cb40_0;
    %concat/vec4; draw_concat_vec4
    %add;
    %assign/vec4 v0x772c7c640_0, 0;
T_5.5 ;
T_5.4 ;
T_5.1 ;
    %jmp T_5;
    .thread T_5;
    .scope S_0x104d28080;
T_6 ;
    %wait E_0x773044640;
    %load/vec4 v0x772c7d400_0;
    %nor/r;
    %flag_set/vec4 8;
    %jmp/0xz  T_6.0, 8;
    %pushi/vec4 0, 0, 4;
    %assign/vec4 v0x772c7d5e0_0, 0;
    %pushi/vec4 0, 0, 1;
    %assign/vec4 v0x772c7d4a0_0, 0;
    %jmp T_6.1;
T_6.0 ;
    %load/vec4 v0x772c7d540_0;
    %flag_set/vec4 8;
    %jmp/0xz  T_6.2, 8;
    %pushi/vec4 1, 0, 1;
    %assign/vec4 v0x772c7d4a0_0, 0;
    %pushi/vec4 0, 0, 4;
    %assign/vec4 v0x772c7d5e0_0, 0;
    %jmp T_6.3;
T_6.2 ;
    %load/vec4 v0x772c7d4a0_0;
    %flag_set/vec4 8;
    %jmp/0xz  T_6.4, 8;
    %load/vec4 v0x772c7d5e0_0;
    %pad/u 32;
    %cmpi/e 8, 0, 32;
    %jmp/0xz  T_6.6, 4;
    %pushi/vec4 0, 0, 1;
    %assign/vec4 v0x772c7d4a0_0, 0;
    %pushi/vec4 0, 0, 4;
    %assign/vec4 v0x772c7d5e0_0, 0;
    %jmp T_6.7;
T_6.6 ;
    %load/vec4 v0x772c7d5e0_0;
    %addi 1, 0, 4;
    %assign/vec4 v0x772c7d5e0_0, 0;
T_6.7 ;
T_6.4 ;
T_6.3 ;
T_6.1 ;
    %jmp T_6;
    .thread T_6;
    .scope S_0x104d28080;
T_7 ;
    %wait E_0x773044600;
    %load/vec4 v0x772c7d5e0_0;
    %pad/u 5;
    %ix/vec4 4;
    %load/vec4a v0x772c7d2c0, 4;
    %store/vec4 v0x772c7cf00_0, 0, 8;
    %load/vec4 v0x772c7d5e0_0;
    %pad/u 5;
    %ix/vec4 4;
    %load/vec4a v0x772c7d7c0, 4;
    %store/vec4 v0x772c7cfa0_0, 0, 8;
    %load/vec4 v0x772c7d4a0_0;
    %store/vec4 v0x772c7d180_0, 0, 1;
    %load/vec4 v0x772c7d4a0_0;
    %flag_set/vec4 8;
    %flag_get/vec4 8;
    %jmp/0 T_7.0, 8;
    %load/vec4 v0x772c7d5e0_0;
    %pad/u 32;
    %pushi/vec4 0, 0, 32;
    %cmp/e;
    %flag_get/vec4 4;
    %and;
T_7.0;
    %store/vec4 v0x772c7d040_0, 0, 1;
    %load/vec4 v0x772c7d4a0_0;
    %flag_set/vec4 8;
    %flag_get/vec4 8;
    %jmp/0 T_7.1, 8;
    %load/vec4 v0x772c7d5e0_0;
    %pad/u 32;
    %pushi/vec4 8, 0, 32;
    %cmp/e;
    %flag_get/vec4 4;
    %and;
T_7.1;
    %store/vec4 v0x772c7d0e0_0, 0, 1;
    %jmp T_7;
    .thread T_7, $push;
    .scope S_0x772800480;
T_8 ;
    %wait E_0x773044640;
    %load/vec4 v0x772c7dae0_0;
    %nor/r;
    %flag_set/vec4 8;
    %jmp/0xz  T_8.0, 8;
    %pushi/vec4 0, 0, 8;
    %assign/vec4 v0x772c7d9a0_0, 0;
    %pushi/vec4 0, 0, 1;
    %assign/vec4 v0x772c7dc20_0, 0;
    %jmp T_8.1;
T_8.0 ;
    %load/vec4 v0x772c7db80_0;
    %assign/vec4 v0x772c7dc20_0, 0;
    %load/vec4 v0x772c7da40_0;
    %cmpi/s 0, 0, 20;
    %flag_or 5, 4;
    %jmp/0xz  T_8.2, 5;
    %pushi/vec4 0, 0, 8;
    %assign/vec4 v0x772c7d9a0_0, 0;
    %jmp T_8.3;
T_8.2 ;
    %load/vec4 v0x772c7d900_0;
    %cmpi/u 255, 0, 20;
    %flag_or 5, 4; GT is !LE
    %flag_inv 5;
    %jmp/0xz  T_8.4, 5;
    %pushi/vec4 255, 0, 8;
    %assign/vec4 v0x772c7d9a0_0, 0;
    %jmp T_8.5;
T_8.4 ;
    %load/vec4 v0x772c7d900_0;
    %parti/s 8, 0, 2;
    %assign/vec4 v0x772c7d9a0_0, 0;
T_8.5 ;
T_8.3 ;
T_8.1 ;
    %jmp T_8;
    .thread T_8;
    .scope S_0x104d27f00;
T_9 ;
    %wait E_0x773044640;
    %load/vec4 v0x772c7e120_0;
    %nor/r;
    %flag_set/vec4 8;
    %jmp/0xz  T_9.0, 8;
    %pushi/vec4 0, 0, 1;
    %assign/vec4 v0x772c7dcc0_0, 0;
    %jmp T_9.1;
T_9.0 ;
    %load/vec4 v0x772c7e1c0_0;
    %flag_set/vec4 9;
    %flag_get/vec4 9;
    %jmp/0 T_9.4, 9;
    %load/vec4 v0x772c7dfe0_0;
    %and;
T_9.4;
    %flag_set/vec4 8;
    %jmp/0xz  T_9.2, 8;
    %pushi/vec4 1, 0, 1;
    %assign/vec4 v0x772c7dcc0_0, 0;
    %jmp T_9.3;
T_9.2 ;
    %load/vec4 v0x772c7dea0_0;
    %flag_set/vec4 8;
    %jmp/0xz  T_9.5, 8;
    %pushi/vec4 0, 0, 1;
    %assign/vec4 v0x772c7dcc0_0, 0;
T_9.5 ;
T_9.3 ;
T_9.1 ;
    %jmp T_9;
    .thread T_9;
    .scope S_0x104d29a20;
T_10 ;
    %pushi/vec4 0, 0, 1;
    %store/vec4 v0x772c7e580_0, 0, 1;
    %end;
    .thread T_10;
    .scope S_0x104d29a20;
T_11 ;
    %delay 5000, 0;
    %load/vec4 v0x772c7e580_0;
    %inv;
    %store/vec4 v0x772c7e580_0, 0, 1;
    %jmp T_11;
    .thread T_11;
    .scope S_0x104d29a20;
T_12 ;
    %vpi_call 2 62 "$dumpfile", "sim/waveform.vcd" {0 0 0};
    %vpi_call 2 63 "$dumpvars", 32'sb00000000000000000000000000000000, S_0x104d29a20 {0 0 0};
    %end;
    .thread T_12;
    .scope S_0x104d29a20;
T_13 ;
    %wait E_0x773044640;
    %load/vec4 v0x772c7eee0_0;
    %flag_set/vec4 8;
    %jmp/0xz  T_13.0, 8;
    %load/vec4 v0x772c7ebc0_0;
    %ix/getv/s 4, v0x772c7e4e0_0;
    %load/vec4a v0x772c7e620, 4;
    %cmp/e;
    %jmp/0xz  T_13.2, 6;
    %vpi_call 2 139 "$display", "  PASS [idx %03d]: expected=%02h  got=%02h", v0x772c7e4e0_0, &A<v0x772c7e620, v0x772c7e4e0_0 >, v0x772c7ebc0_0 {0 0 0};
    %load/vec4 v0x772c7e8a0_0;
    %addi 1, 0, 32;
    %store/vec4 v0x772c7e8a0_0, 0, 32;
    %jmp T_13.3;
T_13.2 ;
    %vpi_call 2 143 "$display", "  FAIL [idx %03d]: expected=%02h  got=%02h  *** MISMATCH ***", v0x772c7e4e0_0, &A<v0x772c7e620, v0x772c7e4e0_0 >, v0x772c7ebc0_0 {0 0 0};
    %load/vec4 v0x772c7e6c0_0;
    %addi 1, 0, 32;
    %store/vec4 v0x772c7e6c0_0, 0, 32;
T_13.3 ;
    %load/vec4 v0x772c7e4e0_0;
    %addi 1, 0, 32;
    %store/vec4 v0x772c7e4e0_0, 0, 32;
T_13.0 ;
    %jmp T_13;
    .thread T_13;
    .scope S_0x104d29a20;
T_14 ;
    %pushi/vec4 0, 0, 1;
    %store/vec4 v0x772c7ec60_0, 0, 1;
    %pushi/vec4 0, 0, 1;
    %store/vec4 v0x772c7ee40_0, 0, 1;
    %pushi/vec4 0, 0, 72;
    %store/vec4 v0x772c7e9e0_0, 0, 72;
    %pushi/vec4 0, 0, 72;
    %store/vec4 v0x772c7ef80_0, 0, 72;
    %pushi/vec4 0, 0, 32;
    %store/vec4 v0x772c7e8a0_0, 0, 32;
    %pushi/vec4 0, 0, 32;
    %store/vec4 v0x772c7e6c0_0, 0, 32;
    %pushi/vec4 0, 0, 32;
    %store/vec4 v0x772c7ed00_0, 0, 32;
    %pushi/vec4 0, 0, 32;
    %store/vec4 v0x772c7e4e0_0, 0, 32;
    %fork TD_testbench.load_inputs, S_0x772800780;
    %join;
    %fork TD_testbench.load_expected, S_0x772800600;
    %join;
    %vpi_call 2 166 "$display", "Loaded %0d test vectors from golden model.", P_0x77305c100 {0 0 0};
    %pushi/vec4 3, 0, 32;
T_14.0 %dup/vec4;
    %pushi/vec4 0, 0, 32;
    %cmp/s;
    %jmp/1xz T_14.1, 5;
    %jmp/1 T_14.1, 4;
    %pushi/vec4 1, 0, 32;
    %sub;
    %wait E_0x773044640;
    %jmp T_14.0;
T_14.1 ;
    %pop/vec4 1;
    %pushi/vec4 1, 0, 1;
    %store/vec4 v0x772c7ec60_0, 0, 1;
    %wait E_0x773044640;
T_14.2 ;
    %load/vec4 v0x772c7ed00_0;
    %cmpi/s 256, 0, 32;
    %jmp/0xz T_14.3, 5;
    %wait E_0x773044640;
T_14.4 ;
    %load/vec4 v0x772c7eb20_0;
    %nor/r;
    %flag_set/vec4 8;
    %jmp/0xz T_14.5, 8;
    %wait E_0x773044640;
    %jmp T_14.4;
T_14.5 ;
    %load/vec4 v0x772c7ed00_0;
    %store/vec4 v0x772c7c500_0, 0, 32;
    %fork TD_testbench.drive_input, S_0x104d29ba0;
    %join;
    %pushi/vec4 1, 0, 1;
    %store/vec4 v0x772c7ee40_0, 0, 1;
    %wait E_0x773044640;
    %pushi/vec4 0, 0, 1;
    %store/vec4 v0x772c7ee40_0, 0, 1;
    %load/vec4 v0x772c7ed00_0;
    %addi 1, 0, 32;
    %store/vec4 v0x772c7ed00_0, 0, 32;
    %pushi/vec4 20, 0, 32;
T_14.6 %dup/vec4;
    %pushi/vec4 0, 0, 32;
    %cmp/s;
    %jmp/1xz T_14.7, 5;
    %jmp/1 T_14.7, 4;
    %pushi/vec4 1, 0, 32;
    %sub;
    %wait E_0x773044640;
    %jmp T_14.6;
T_14.7 ;
    %pop/vec4 1;
    %jmp T_14.2;
T_14.3 ;
    %pushi/vec4 30, 0, 32;
T_14.8 %dup/vec4;
    %pushi/vec4 0, 0, 32;
    %cmp/s;
    %jmp/1xz T_14.9, 5;
    %jmp/1 T_14.9, 4;
    %pushi/vec4 1, 0, 32;
    %sub;
    %wait E_0x773044640;
    %jmp T_14.8;
T_14.9 ;
    %pop/vec4 1;
    %vpi_call 2 195 "$display", "\000" {0 0 0};
    %vpi_call 2 196 "$display", "=============================================" {0 0 0};
    %load/vec4 v0x772c7e6c0_0;
    %cmpi/e 0, 0, 32;
    %jmp/0xz  T_14.10, 4;
    %vpi_call 2 198 "$display", "RESULT: %0d/%0d tests PASSED.", v0x772c7e8a0_0, P_0x77305c100 {0 0 0};
    %jmp T_14.11;
T_14.10 ;
    %vpi_call 2 200 "$display", "RESULT: %0d FAILED, %0d passed.", v0x772c7e6c0_0, v0x772c7e8a0_0 {0 0 0};
T_14.11 ;
    %vpi_call 2 201 "$display", "=============================================" {0 0 0};
    %vpi_call 2 203 "$finish" {0 0 0};
    %end;
    .thread T_14;
# The file index is used to find the file name in the following table.
:file_names 7;
    "N/A";
    "<interactive>";
    "sim/testbench.v";
    "src/cnn_layer.v";
    "src/conv3x3.v";
    "src/mac_pe.v";
    "src/relu.v";
