#! /opt/homebrew/Cellar/icarus-verilog/12.0/bin/vvp
:ivl_version "12.0 (stable)";
:ivl_delay_selection "TYPICAL";
:vpi_time_precision - 12;
:vpi_module "/opt/homebrew/Cellar/icarus-verilog/12.0/lib/ivl/system.vpi";
:vpi_module "/opt/homebrew/Cellar/icarus-verilog/12.0/lib/ivl/vhdl_sys.vpi";
:vpi_module "/opt/homebrew/Cellar/icarus-verilog/12.0/lib/ivl/vhdl_textio.vpi";
:vpi_module "/opt/homebrew/Cellar/icarus-verilog/12.0/lib/ivl/v2005_math.vpi";
:vpi_module "/opt/homebrew/Cellar/icarus-verilog/12.0/lib/ivl/va_math.vpi";
S_0x1052abad0 .scope module, "tb_axis" "tb_axis" 2 2;
 .timescale -9 -12;
P_0xb25061e00 .param/l "CLK_PERIOD" 0 2 8, +C4<00000000000000000000000000001010>;
P_0xb25061e40 .param/l "DATA_WIDTH" 0 2 4, +C4<00000000000000000000000000001000>;
P_0xb25061e80 .param/l "KERNEL_SIZE" 0 2 5, +C4<00000000000000000000000000001001>;
P_0xb25061ec0 .param/l "NUM_TESTS" 0 2 7, +C4<00000000000000000000000100000000>;
P_0xb25061f00 .param/l "TOTAL_BYTES" 0 2 6, +C4<00000000000000000000000000010010>;
v0xb24c6fd40_0 .var "aclk", 0 0;
v0xb24c6fde0_0 .var "aresetn", 0 0;
v0xb24c6fe80 .array "exp_mem", 255 0, 7 0;
v0xb24c6ff20_0 .var/i "fail_count", 31 0;
v0xb24ca8000_0 .var/i "fd", 31 0;
v0xb24ca80a0_0 .var/i "i", 31 0;
v0xb24ca8140_0 .var/i "k", 31 0;
v0xb24ca81e0_0 .net "m_axis_tdata", 7 0, v0xb24c6f340_0;  1 drivers
v0xb24ca8280_0 .net "m_axis_tlast", 0 0, v0xb24c6f3e0_0;  1 drivers
v0xb24ca8320_0 .var "m_axis_tready", 0 0;
v0xb24ca83c0_0 .net "m_axis_tvalid", 0 0, v0xb24c6f520_0;  1 drivers
v0xb24ca8460_0 .var/i "pass_count", 31 0;
v0xb24ca8500 .array "pix_mem", 2303 0, 7 0;
v0xb24ca85a0_0 .var/i "r", 31 0;
v0xb24ca8640_0 .var "rx_data", 7 0;
v0xb24ca86e0_0 .var "s_axis_tdata", 7 0;
v0xb24ca8780_0 .var "s_axis_tlast", 0 0;
v0xb24ca8820_0 .net "s_axis_tready", 0 0, L_0xb24c78770;  1 drivers
v0xb24ca88c0_0 .var "s_axis_tvalid", 0 0;
v0xb24ca8960_0 .var "tmp", 7 0;
v0xb24ca8a00 .array "wgt_mem", 2303 0, 7 0;
S_0x1052abc50 .scope module, "dut" "cnn_layer_axis" 2 18, 3 7 0, S_0x1052abad0;
 .timescale 0 0;
    .port_info 0 /INPUT 1 "aclk";
    .port_info 1 /INPUT 1 "aresetn";
    .port_info 2 /INPUT 8 "s_axis_tdata";
    .port_info 3 /INPUT 1 "s_axis_tvalid";
    .port_info 4 /INPUT 1 "s_axis_tlast";
    .port_info 5 /OUTPUT 1 "s_axis_tready";
    .port_info 6 /OUTPUT 8 "m_axis_tdata";
    .port_info 7 /OUTPUT 1 "m_axis_tvalid";
    .port_info 8 /OUTPUT 1 "m_axis_tlast";
    .port_info 9 /INPUT 1 "m_axis_tready";
P_0x1052a8910 .param/l "ACC_WIDTH" 0 3 9, +C4<00000000000000000000000000010100>;
P_0x1052a8950 .param/l "DATA_WIDTH" 0 3 8, +C4<00000000000000000000000000001000>;
P_0x1052a8990 .param/l "KERNEL_SIZE" 0 3 10, +C4<00000000000000000000000000001001>;
P_0x1052a89d0 .param/l "S_COLLECT" 1 3 29, C4<00>;
P_0x1052a8a10 .param/l "S_FIRE" 1 3 30, C4<01>;
P_0x1052a8a50 .param/l "S_WAIT" 1 3 31, C4<10>;
P_0x1052a8a90 .param/l "TOTAL_BYTES" 1 3 26, +C4<0000000000000000000000000000000000000000000000000000000000010010>;
L_0xb24c78770 .functor AND 1, L_0xb25064500, v0xb24c6fde0_0, C4<1>, C4<1>;
L_0xb25478010 .functor BUFT 1, C4<00>, C4<0>, C4<0>, C4<0>;
v0xb24c6ed00_0 .net/2u *"_ivl_38", 1 0, L_0xb25478010;  1 drivers
v0xb24c6eda0_0 .net *"_ivl_40", 0 0, L_0xb25064500;  1 drivers
v0xb24c6ee40_0 .net "aclk", 0 0, v0xb24c6fd40_0;  1 drivers
v0xb24c6eee0_0 .net "aresetn", 0 0, v0xb24c6fde0_0;  1 drivers
v0xb24c6ef80 .array "buf_r", 17 0, 7 0;
v0xb24c6f020_0 .var "byte_cnt", 4 0;
v0xb24c6f0c0_0 .net "core_ready_out", 0 0, L_0xb24ca8aa0;  1 drivers
v0xb24c6f160_0 .net "core_result", 7 0, v0xb24c6e300_0;  1 drivers
v0xb24c6f200_0 .var "core_valid_in", 0 0;
v0xb24c6f2a0_0 .net "core_valid_out", 0 0, v0xb24c6e580_0;  1 drivers
v0xb24c6f340_0 .var "m_axis_tdata", 7 0;
v0xb24c6f3e0_0 .var "m_axis_tlast", 0 0;
v0xb24c6f480_0 .net "m_axis_tready", 0 0, v0xb24ca8320_0;  1 drivers
v0xb24c6f520_0 .var "m_axis_tvalid", 0 0;
v0xb24c6f5c0_0 .net "pixels_flat", 71 0, L_0xb250643c0;  1 drivers
v0xb24c6f660_0 .net "s_axis_tdata", 7 0, v0xb24ca86e0_0;  1 drivers
v0xb24c6f700_0 .net "s_axis_tlast", 0 0, v0xb24ca8780_0;  1 drivers
v0xb24c6f7a0_0 .net "s_axis_tready", 0 0, L_0xb24c78770;  alias, 1 drivers
v0xb24c6f840_0 .net "s_axis_tvalid", 0 0, v0xb24ca88c0_0;  1 drivers
v0xb24c6f8e0_0 .var "state", 1 0;
v0xb24c6f980_0 .net "weights_flat", 71 0, L_0xb25064460;  1 drivers
v0xb24c6ef80_0 .array/port v0xb24c6ef80, 0;
v0xb24c6ef80_1 .array/port v0xb24c6ef80, 1;
v0xb24c6ef80_2 .array/port v0xb24c6ef80, 2;
v0xb24c6ef80_3 .array/port v0xb24c6ef80, 3;
LS_0xb250643c0_0_0 .concat8 [ 8 8 8 8], v0xb24c6ef80_0, v0xb24c6ef80_1, v0xb24c6ef80_2, v0xb24c6ef80_3;
v0xb24c6ef80_4 .array/port v0xb24c6ef80, 4;
v0xb24c6ef80_5 .array/port v0xb24c6ef80, 5;
v0xb24c6ef80_6 .array/port v0xb24c6ef80, 6;
v0xb24c6ef80_7 .array/port v0xb24c6ef80, 7;
LS_0xb250643c0_0_4 .concat8 [ 8 8 8 8], v0xb24c6ef80_4, v0xb24c6ef80_5, v0xb24c6ef80_6, v0xb24c6ef80_7;
v0xb24c6ef80_8 .array/port v0xb24c6ef80, 8;
LS_0xb250643c0_0_8 .concat8 [ 8 0 0 0], v0xb24c6ef80_8;
L_0xb250643c0 .concat8 [ 32 32 8 0], LS_0xb250643c0_0_0, LS_0xb250643c0_0_4, LS_0xb250643c0_0_8;
v0xb24c6ef80_9 .array/port v0xb24c6ef80, 9;
v0xb24c6ef80_10 .array/port v0xb24c6ef80, 10;
v0xb24c6ef80_11 .array/port v0xb24c6ef80, 11;
v0xb24c6ef80_12 .array/port v0xb24c6ef80, 12;
LS_0xb25064460_0_0 .concat8 [ 8 8 8 8], v0xb24c6ef80_9, v0xb24c6ef80_10, v0xb24c6ef80_11, v0xb24c6ef80_12;
v0xb24c6ef80_13 .array/port v0xb24c6ef80, 13;
v0xb24c6ef80_14 .array/port v0xb24c6ef80, 14;
v0xb24c6ef80_15 .array/port v0xb24c6ef80, 15;
v0xb24c6ef80_16 .array/port v0xb24c6ef80, 16;
LS_0xb25064460_0_4 .concat8 [ 8 8 8 8], v0xb24c6ef80_13, v0xb24c6ef80_14, v0xb24c6ef80_15, v0xb24c6ef80_16;
v0xb24c6ef80_17 .array/port v0xb24c6ef80, 17;
LS_0xb25064460_0_8 .concat8 [ 8 0 0 0], v0xb24c6ef80_17;
L_0xb25064460 .concat8 [ 32 32 8 0], LS_0xb25064460_0_0, LS_0xb25064460_0_4, LS_0xb25064460_0_8;
L_0xb25064500 .cmp/eq 2, v0xb24c6f8e0_0, L_0xb25478010;
S_0x1052a0870 .scope generate, "pack[0]" "pack[0]" 3 48, 3 48 0, S_0x1052abc50;
 .timescale 0 0;
P_0xb25072200 .param/l "gi" 1 3 48, +C4<00>;
v0xb24c6cc80_0 .net *"_ivl_2", 7 0, v0xb24c6ef80_0;  1 drivers
v0xb24c6cb40_0 .net *"_ivl_5", 7 0, v0xb24c6ef80_9;  1 drivers
S_0x1052a09f0 .scope generate, "pack[1]" "pack[1]" 3 48, 3 48 0, S_0x1052abc50;
 .timescale 0 0;
P_0xb25072280 .param/l "gi" 1 3 48, +C4<01>;
v0xb24c6c1e0_0 .net *"_ivl_2", 7 0, v0xb24c6ef80_1;  1 drivers
v0xb24c6c280_0 .net *"_ivl_5", 7 0, v0xb24c6ef80_10;  1 drivers
S_0x1052a6600 .scope generate, "pack[2]" "pack[2]" 3 48, 3 48 0, S_0x1052abc50;
 .timescale 0 0;
P_0xb25072300 .param/l "gi" 1 3 48, +C4<010>;
v0xb24c6c000_0 .net *"_ivl_2", 7 0, v0xb24c6ef80_2;  1 drivers
v0xb24c6c0a0_0 .net *"_ivl_5", 7 0, v0xb24c6ef80_11;  1 drivers
S_0x1052a6780 .scope generate, "pack[3]" "pack[3]" 3 48, 3 48 0, S_0x1052abc50;
 .timescale 0 0;
P_0xb25072380 .param/l "gi" 1 3 48, +C4<011>;
v0xb24c6c140_0 .net *"_ivl_2", 7 0, v0xb24c6ef80_3;  1 drivers
v0xb24c6c460_0 .net *"_ivl_5", 7 0, v0xb24c6ef80_12;  1 drivers
S_0x1052aa5d0 .scope generate, "pack[4]" "pack[4]" 3 48, 3 48 0, S_0x1052abc50;
 .timescale 0 0;
P_0xb25072400 .param/l "gi" 1 3 48, +C4<0100>;
v0xb24c6c3c0_0 .net *"_ivl_2", 7 0, v0xb24c6ef80_4;  1 drivers
v0xb24c6c5a0_0 .net *"_ivl_5", 7 0, v0xb24c6ef80_13;  1 drivers
S_0x1052aa750 .scope generate, "pack[5]" "pack[5]" 3 48, 3 48 0, S_0x1052abc50;
 .timescale 0 0;
P_0xb25072480 .param/l "gi" 1 3 48, +C4<0101>;
v0xb24c6c6e0_0 .net *"_ivl_2", 7 0, v0xb24c6ef80_5;  1 drivers
v0xb24c6c820_0 .net *"_ivl_5", 7 0, v0xb24c6ef80_14;  1 drivers
S_0x1052a9660 .scope generate, "pack[6]" "pack[6]" 3 48, 3 48 0, S_0x1052abc50;
 .timescale 0 0;
P_0xb25072500 .param/l "gi" 1 3 48, +C4<0110>;
v0xb24c6cdc0_0 .net *"_ivl_2", 7 0, v0xb24c6ef80_6;  1 drivers
v0xb24c6caa0_0 .net *"_ivl_5", 7 0, v0xb24c6ef80_15;  1 drivers
S_0x1052a97e0 .scope generate, "pack[7]" "pack[7]" 3 48, 3 48 0, S_0x1052abc50;
 .timescale 0 0;
P_0xb25072580 .param/l "gi" 1 3 48, +C4<0111>;
v0xb24c6ca00_0 .net *"_ivl_2", 7 0, v0xb24c6ef80_7;  1 drivers
v0xb24c6c8c0_0 .net *"_ivl_5", 7 0, v0xb24c6ef80_16;  1 drivers
S_0x1052b6380 .scope generate, "pack[8]" "pack[8]" 3 48, 3 48 0, S_0x1052abc50;
 .timescale 0 0;
P_0xb25072600 .param/l "gi" 1 3 48, +C4<01000>;
v0xb24c6c780_0 .net *"_ivl_2", 7 0, v0xb24c6ef80_8;  1 drivers
v0xb24c6c640_0 .net *"_ivl_5", 7 0, v0xb24c6ef80_17;  1 drivers
S_0xb24ca4000 .scope module, "u_core" "cnn_layer" 3 106, 4 17 0, S_0x1052abc50;
 .timescale 0 0;
    .port_info 0 /INPUT 1 "clk";
    .port_info 1 /INPUT 1 "rst_n";
    .port_info 2 /INPUT 1 "valid_in";
    .port_info 3 /OUTPUT 1 "ready_out";
    .port_info 4 /INPUT 72 "pixels";
    .port_info 5 /INPUT 72 "weights";
    .port_info 6 /OUTPUT 8 "result";
    .port_info 7 /OUTPUT 1 "valid_out";
P_0x1052b6500 .param/l "ACC_WIDTH" 0 4 19, +C4<00000000000000000000000000010100>;
P_0x1052b6540 .param/l "DATA_WIDTH" 0 4 18, +C4<00000000000000000000000000001000>;
P_0x1052b6580 .param/l "KERNEL_SIZE" 0 4 20, +C4<00000000000000000000000000001001>;
L_0xb24c78150 .functor AND 1, v0xb24c6f200_0, L_0xb24ca8aa0, C4<1>, C4<1>;
v0xb24c6e620_0 .var "busy", 0 0;
v0xb24c6e6c0_0 .net "clk", 0 0, v0xb24c6fd40_0;  alias, 1 drivers
v0xb24c6e760_0 .net "conv_result", 19 0, v0xb24c6c500_0;  1 drivers
v0xb24c6e800_0 .net "conv_valid", 0 0, v0xb24c6d680_0;  1 drivers
v0xb24c6e8a0_0 .net "pixels", 71 0, L_0xb250643c0;  alias, 1 drivers
v0xb24c6e940_0 .net "ready_out", 0 0, L_0xb24ca8aa0;  alias, 1 drivers
v0xb24c6e9e0_0 .net "result", 7 0, v0xb24c6e300_0;  alias, 1 drivers
v0xb24c6ea80_0 .net "rst_n", 0 0, v0xb24c6fde0_0;  alias, 1 drivers
v0xb24c6eb20_0 .net "valid_in", 0 0, v0xb24c6f200_0;  1 drivers
v0xb24c6ebc0_0 .net "valid_out", 0 0, v0xb24c6e580_0;  alias, 1 drivers
v0xb24c6ec60_0 .net "weights", 71 0, L_0xb25064460;  alias, 1 drivers
L_0xb24ca8aa0 .reduce/nor v0xb24c6e620_0;
S_0xb24ca4180 .scope module, "u_conv" "conv3x3" 4 60, 5 16 0, S_0xb24ca4000;
 .timescale 0 0;
    .port_info 0 /INPUT 1 "clk";
    .port_info 1 /INPUT 1 "rst_n";
    .port_info 2 /INPUT 1 "start_in";
    .port_info 3 /INPUT 72 "pixels";
    .port_info 4 /INPUT 72 "weights";
    .port_info 5 /OUTPUT 20 "result";
    .port_info 6 /OUTPUT 1 "valid_out";
P_0x1052a8b90 .param/l "ACC_WIDTH" 0 5 18, +C4<00000000000000000000000000010100>;
P_0x1052a8bd0 .param/l "DATA_WIDTH" 0 5 17, +C4<00000000000000000000000000001000>;
P_0x1052a8c10 .param/l "KERNEL_SIZE" 0 5 19, +C4<00000000000000000000000000001001>;
v0xb24c6d7c0_0 .net "clk", 0 0, v0xb24c6fd40_0;  alias, 1 drivers
v0xb24c6d860_0 .var "cur_pixel", 7 0;
v0xb24c6d900_0 .var "cur_weight", 7 0;
v0xb24c6d9a0_0 .var "mac_flush", 0 0;
v0xb24c6da40_0 .var "mac_last", 0 0;
v0xb24c6dae0_0 .var "mac_valid", 0 0;
v0xb24c6db80_0 .net "pixels", 71 0, L_0xb250643c0;  alias, 1 drivers
v0xb24c6dc20 .array "px", 8 0;
v0xb24c6dc20_0 .net v0xb24c6dc20 0, 7 0, L_0xb250645a0; 1 drivers
v0xb24c6dc20_1 .net v0xb24c6dc20 1, 7 0, L_0xb250646e0; 1 drivers
v0xb24c6dc20_2 .net v0xb24c6dc20 2, 7 0, L_0xb25064820; 1 drivers
v0xb24c6dc20_3 .net v0xb24c6dc20 3, 7 0, L_0xb25064960; 1 drivers
v0xb24c6dc20_4 .net v0xb24c6dc20 4, 7 0, L_0xb25064aa0; 1 drivers
v0xb24c6dc20_5 .net v0xb24c6dc20 5, 7 0, L_0xb25064be0; 1 drivers
v0xb24c6dc20_6 .net v0xb24c6dc20 6, 7 0, L_0xb25064d20; 1 drivers
v0xb24c6dc20_7 .net v0xb24c6dc20 7, 7 0, L_0xb25064e60; 1 drivers
v0xb24c6dc20_8 .net v0xb24c6dc20 8, 7 0, L_0xb25064fa0; 1 drivers
v0xb24c6dcc0_0 .net "result", 19 0, v0xb24c6c500_0;  alias, 1 drivers
v0xb24c6dd60_0 .net "rst_n", 0 0, v0xb24c6fde0_0;  alias, 1 drivers
v0xb24c6de00_0 .var "running", 0 0;
v0xb24c6dea0_0 .net "start_in", 0 0, L_0xb24c78150;  1 drivers
v0xb24c6df40_0 .var "step", 3 0;
v0xb24c6dfe0_0 .net "valid_out", 0 0, v0xb24c6d680_0;  alias, 1 drivers
v0xb24c6e080_0 .net "weights", 71 0, L_0xb25064460;  alias, 1 drivers
v0xb24c6e120 .array "wt", 8 0;
v0xb24c6e120_0 .net v0xb24c6e120 0, 7 0, L_0xb25064640; 1 drivers
v0xb24c6e120_1 .net v0xb24c6e120 1, 7 0, L_0xb25064780; 1 drivers
v0xb24c6e120_2 .net v0xb24c6e120 2, 7 0, L_0xb250648c0; 1 drivers
v0xb24c6e120_3 .net v0xb24c6e120 3, 7 0, L_0xb25064a00; 1 drivers
v0xb24c6e120_4 .net v0xb24c6e120 4, 7 0, L_0xb25064b40; 1 drivers
v0xb24c6e120_5 .net v0xb24c6e120 5, 7 0, L_0xb25064c80; 1 drivers
v0xb24c6e120_6 .net v0xb24c6e120 6, 7 0, L_0xb25064dc0; 1 drivers
v0xb24c6e120_7 .net v0xb24c6e120 7, 7 0, L_0xb25064f00; 1 drivers
v0xb24c6e120_8 .net v0xb24c6e120 8, 7 0, L_0xb25065040; 1 drivers
E_0xb25034b00/0 .event anyedge, v0xb24c6df40_0, v0xb24c6dc20_0, v0xb24c6dc20_1, v0xb24c6dc20_2;
E_0xb25034b00/1 .event anyedge, v0xb24c6dc20_3, v0xb24c6dc20_4, v0xb24c6dc20_5, v0xb24c6dc20_6;
E_0xb25034b00/2 .event anyedge, v0xb24c6dc20_7, v0xb24c6dc20_8, v0xb24c6e120_0, v0xb24c6e120_1;
E_0xb25034b00/3 .event anyedge, v0xb24c6e120_2, v0xb24c6e120_3, v0xb24c6e120_4, v0xb24c6e120_5;
E_0xb25034b00/4 .event anyedge, v0xb24c6e120_6, v0xb24c6e120_7, v0xb24c6e120_8, v0xb24c6de00_0;
E_0xb25034b00 .event/or E_0xb25034b00/0, E_0xb25034b00/1, E_0xb25034b00/2, E_0xb25034b00/3, E_0xb25034b00/4;
L_0xb250645a0 .part L_0xb250643c0, 0, 8;
L_0xb25064640 .part L_0xb25064460, 0, 8;
L_0xb250646e0 .part L_0xb250643c0, 8, 8;
L_0xb25064780 .part L_0xb25064460, 8, 8;
L_0xb25064820 .part L_0xb250643c0, 16, 8;
L_0xb250648c0 .part L_0xb25064460, 16, 8;
L_0xb25064960 .part L_0xb250643c0, 24, 8;
L_0xb25064a00 .part L_0xb25064460, 24, 8;
L_0xb25064aa0 .part L_0xb250643c0, 32, 8;
L_0xb25064b40 .part L_0xb25064460, 32, 8;
L_0xb25064be0 .part L_0xb250643c0, 40, 8;
L_0xb25064c80 .part L_0xb25064460, 40, 8;
L_0xb25064d20 .part L_0xb250643c0, 48, 8;
L_0xb25064dc0 .part L_0xb25064460, 48, 8;
L_0xb25064e60 .part L_0xb250643c0, 56, 8;
L_0xb25064f00 .part L_0xb25064460, 56, 8;
L_0xb25064fa0 .part L_0xb250643c0, 64, 8;
L_0xb25065040 .part L_0xb25064460, 64, 8;
S_0xb24ca4300 .scope module, "u_mac" "mac_pe" 5 81, 6 10 0, S_0xb24ca4180;
 .timescale 0 0;
    .port_info 0 /INPUT 1 "clk";
    .port_info 1 /INPUT 1 "rst_n";
    .port_info 2 /INPUT 1 "flush";
    .port_info 3 /INPUT 1 "valid_in";
    .port_info 4 /INPUT 1 "last_in";
    .port_info 5 /INPUT 8 "pixel";
    .port_info 6 /INPUT 8 "weight";
    .port_info 7 /OUTPUT 20 "acc_out";
    .port_info 8 /OUTPUT 1 "valid_out";
P_0xb25040380 .param/l "ACC_WIDTH" 0 6 12, +C4<00000000000000000000000000010100>;
P_0xb250403c0 .param/l "DATA_WIDTH" 0 6 11, +C4<00000000000000000000000000001000>;
v0xb24c6c500_0 .var "acc_out", 19 0;
v0xb24c6c320_0 .net "clk", 0 0, v0xb24c6fd40_0;  alias, 1 drivers
v0xb24c6cd20_0 .net "flush", 0 0, v0xb24c6d9a0_0;  1 drivers
v0xb24c6ce60_0 .net "last_in", 0 0, v0xb24c6da40_0;  1 drivers
v0xb24c6cf00_0 .net "pixel", 7 0, v0xb24c6d860_0;  1 drivers
v0xb24c6cfa0_0 .net "rst_n", 0 0, v0xb24c6fde0_0;  alias, 1 drivers
v0xb24c6d040_0 .var "s1_flush", 0 0;
v0xb24c6d0e0_0 .var "s1_last", 0 0;
v0xb24c6d180_0 .var "s1_pixel", 7 0;
v0xb24c6d220_0 .var "s1_valid", 0 0;
v0xb24c6d2c0_0 .var "s1_weight", 7 0;
v0xb24c6d360_0 .var "s2_flush", 0 0;
v0xb24c6d400_0 .var "s2_last", 0 0;
v0xb24c6d4a0_0 .var "s2_product", 15 0;
v0xb24c6d540_0 .var "s2_valid", 0 0;
v0xb24c6d5e0_0 .net "valid_in", 0 0, v0xb24c6dae0_0;  1 drivers
v0xb24c6d680_0 .var "valid_out", 0 0;
v0xb24c6d720_0 .net "weight", 7 0, v0xb24c6d900_0;  1 drivers
E_0xb25034b40 .event posedge, v0xb24c6c320_0;
S_0xb24ca4480 .scope generate, "unpack[0]" "unpack[0]" 5 36, 5 36 0, S_0xb24ca4180;
 .timescale 0 0;
P_0xb25072880 .param/l "i" 1 5 36, +C4<00>;
S_0xb24ca4600 .scope generate, "unpack[1]" "unpack[1]" 5 36, 5 36 0, S_0xb24ca4180;
 .timescale 0 0;
P_0xb25072900 .param/l "i" 1 5 36, +C4<01>;
S_0xb24ca4780 .scope generate, "unpack[2]" "unpack[2]" 5 36, 5 36 0, S_0xb24ca4180;
 .timescale 0 0;
P_0xb25072980 .param/l "i" 1 5 36, +C4<010>;
S_0xb24ca4900 .scope generate, "unpack[3]" "unpack[3]" 5 36, 5 36 0, S_0xb24ca4180;
 .timescale 0 0;
P_0xb25072a00 .param/l "i" 1 5 36, +C4<011>;
S_0xb24ca4a80 .scope generate, "unpack[4]" "unpack[4]" 5 36, 5 36 0, S_0xb24ca4180;
 .timescale 0 0;
P_0xb25072a80 .param/l "i" 1 5 36, +C4<0100>;
S_0xb24ca4c00 .scope generate, "unpack[5]" "unpack[5]" 5 36, 5 36 0, S_0xb24ca4180;
 .timescale 0 0;
P_0xb25072b00 .param/l "i" 1 5 36, +C4<0101>;
S_0xb24ca4d80 .scope generate, "unpack[6]" "unpack[6]" 5 36, 5 36 0, S_0xb24ca4180;
 .timescale 0 0;
P_0xb25072b80 .param/l "i" 1 5 36, +C4<0110>;
S_0xb24ca4f00 .scope generate, "unpack[7]" "unpack[7]" 5 36, 5 36 0, S_0xb24ca4180;
 .timescale 0 0;
P_0xb25072c00 .param/l "i" 1 5 36, +C4<0111>;
S_0xb24ca5080 .scope generate, "unpack[8]" "unpack[8]" 5 36, 5 36 0, S_0xb24ca4180;
 .timescale 0 0;
P_0xb25072c80 .param/l "i" 1 5 36, +C4<01000>;
S_0xb24ca5200 .scope module, "u_relu" "relu" 4 74, 7 11 0, S_0xb24ca4000;
 .timescale 0 0;
    .port_info 0 /INPUT 1 "clk";
    .port_info 1 /INPUT 1 "rst_n";
    .port_info 2 /INPUT 1 "valid_in";
    .port_info 3 /INPUT 20 "data_in";
    .port_info 4 /OUTPUT 8 "data_out";
    .port_info 5 /OUTPUT 1 "valid_out";
P_0xb25074200 .param/l "IN_WIDTH" 0 7 12, +C4<00000000000000000000000000010100>;
P_0xb25074240 .param/l "OUT_WIDTH" 0 7 13, +C4<00000000000000000000000000001000>;
P_0xb25074280 .param/l "SAT_MAX" 1 7 24, C4<00000000000011111111>;
P_0xb250742c0 .param/l "ZERO" 1 7 23, +C4<00000000000000000000>;
L_0xb24c5cee0 .functor BUFZ 20, v0xb24c6c500_0, C4<00000000000000000000>, C4<00000000000000000000>, C4<00000000000000000000>;
v0xb24c6e1c0_0 .net "clk", 0 0, v0xb24c6fd40_0;  alias, 1 drivers
v0xb24c6e260_0 .net "data_in", 19 0, v0xb24c6c500_0;  alias, 1 drivers
v0xb24c6e300_0 .var "data_out", 7 0;
v0xb24c6e3a0_0 .net/s "data_signed", 19 0, L_0xb24c5cee0;  1 drivers
v0xb24c6e440_0 .net "rst_n", 0 0, v0xb24c6fde0_0;  alias, 1 drivers
v0xb24c6e4e0_0 .net "valid_in", 0 0, v0xb24c6d680_0;  alias, 1 drivers
v0xb24c6e580_0 .var "valid_out", 0 0;
S_0xb24ca5380 .scope task, "load_vectors" "load_vectors" 2 42, 2 42 0, S_0x1052abad0;
 .timescale -9 -12;
v0xb24c6fa20_0 .var/i "line", 31 0;
TD_tb_axis.load_vectors ;
    %vpi_func 2 45 "$fopen" 32, "sim/inputs.hex", "r" {0 0 0};
    %store/vec4 v0xb24ca8000_0, 0, 32;
    %load/vec4 v0xb24ca8000_0;
    %cmpi/e 0, 0, 32;
    %jmp/0xz  T_0.0, 4;
    %vpi_call 2 46 "$display", "ERROR: sim/inputs.hex not found" {0 0 0};
    %vpi_call 2 46 "$finish" {0 0 0};
T_0.0 ;
    %pushi/vec4 0, 0, 32;
    %store/vec4 v0xb24c6fa20_0, 0, 32;
T_0.2 ;
    %load/vec4 v0xb24c6fa20_0;
    %cmpi/s 256, 0, 32;
    %jmp/0xz T_0.3, 5;
    %pushi/vec4 0, 0, 32;
    %store/vec4 v0xb24ca8140_0, 0, 32;
T_0.4 ;
    %load/vec4 v0xb24ca8140_0;
    %cmpi/s 9, 0, 32;
    %jmp/0xz T_0.5, 5;
    %vpi_func 2 49 "$fscanf" 32, v0xb24ca8000_0, " %h", v0xb24ca8960_0 {0 0 0};
    %store/vec4 v0xb24ca85a0_0, 0, 32;
    %load/vec4 v0xb24ca8960_0;
    %load/vec4 v0xb24c6fa20_0;
    %muli 9, 0, 32;
    %load/vec4 v0xb24ca8140_0;
    %add;
    %ix/vec4/s 4;
    %store/vec4a v0xb24ca8500, 4, 0;
    %load/vec4 v0xb24ca8140_0;
    %addi 1, 0, 32;
    %store/vec4 v0xb24ca8140_0, 0, 32;
    %jmp T_0.4;
T_0.5 ;
    %pushi/vec4 0, 0, 32;
    %store/vec4 v0xb24ca8140_0, 0, 32;
T_0.6 ;
    %load/vec4 v0xb24ca8140_0;
    %cmpi/s 9, 0, 32;
    %jmp/0xz T_0.7, 5;
    %vpi_func 2 52 "$fscanf" 32, v0xb24ca8000_0, " %h", v0xb24ca8960_0 {0 0 0};
    %store/vec4 v0xb24ca85a0_0, 0, 32;
    %load/vec4 v0xb24ca8960_0;
    %load/vec4 v0xb24c6fa20_0;
    %muli 9, 0, 32;
    %load/vec4 v0xb24ca8140_0;
    %add;
    %ix/vec4/s 4;
    %store/vec4a v0xb24ca8a00, 4, 0;
    %load/vec4 v0xb24ca8140_0;
    %addi 1, 0, 32;
    %store/vec4 v0xb24ca8140_0, 0, 32;
    %jmp T_0.6;
T_0.7 ;
    %load/vec4 v0xb24c6fa20_0;
    %addi 1, 0, 32;
    %store/vec4 v0xb24c6fa20_0, 0, 32;
    %jmp T_0.2;
T_0.3 ;
    %vpi_call 2 55 "$fclose", v0xb24ca8000_0 {0 0 0};
    %vpi_func 2 56 "$fopen" 32, "sim/expected.hex", "r" {0 0 0};
    %store/vec4 v0xb24ca8000_0, 0, 32;
    %load/vec4 v0xb24ca8000_0;
    %cmpi/e 0, 0, 32;
    %jmp/0xz  T_0.8, 4;
    %vpi_call 2 57 "$display", "ERROR: sim/expected.hex not found" {0 0 0};
    %vpi_call 2 57 "$finish" {0 0 0};
T_0.8 ;
    %pushi/vec4 0, 0, 32;
    %store/vec4 v0xb24c6fa20_0, 0, 32;
T_0.10 ;
    %load/vec4 v0xb24c6fa20_0;
    %cmpi/s 256, 0, 32;
    %jmp/0xz T_0.11, 5;
    %vpi_func 2 59 "$fscanf" 32, v0xb24ca8000_0, " %h", &A<v0xb24c6fe80, v0xb24c6fa20_0 > {0 0 0};
    %store/vec4 v0xb24ca85a0_0, 0, 32;
    %load/vec4 v0xb24c6fa20_0;
    %addi 1, 0, 32;
    %store/vec4 v0xb24c6fa20_0, 0, 32;
    %jmp T_0.10;
T_0.11 ;
    %vpi_call 2 60 "$fclose", v0xb24ca8000_0 {0 0 0};
    %end;
S_0xb24ca5500 .scope task, "recv_result" "recv_result" 2 94, 2 94 0, S_0x1052abad0;
 .timescale -9 -12;
TD_tb_axis.recv_result ;
    %pushi/vec4 0, 0, 1;
    %store/vec4 v0xb24ca8320_0, 0, 1;
    %wait E_0xb25034b40;
T_1.12 ;
    %load/vec4 v0xb24ca83c0_0;
    %nor/r;
    %flag_set/vec4 8;
    %jmp/0xz T_1.13, 8;
    %wait E_0xb25034b40;
    %jmp T_1.12;
T_1.13 ;
    %load/vec4 v0xb24ca81e0_0;
    %store/vec4 v0xb24ca8640_0, 0, 8;
    %pushi/vec4 1, 0, 1;
    %store/vec4 v0xb24ca8320_0, 0, 1;
    %wait E_0xb25034b40;
    %pushi/vec4 0, 0, 1;
    %store/vec4 v0xb24ca8320_0, 0, 1;
    %end;
S_0xb24ca5680 .scope task, "send_byte" "send_byte" 2 65, 2 65 0, S_0x1052abad0;
 .timescale -9 -12;
v0xb24c6fac0_0 .var "data", 7 0;
v0xb24c6fb60_0 .var "last", 0 0;
E_0xb25034c40 .event negedge, v0xb24c6c320_0;
TD_tb_axis.send_byte ;
    %wait E_0xb25034c40;
    %load/vec4 v0xb24c6fac0_0;
    %store/vec4 v0xb24ca86e0_0, 0, 8;
    %pushi/vec4 1, 0, 1;
    %store/vec4 v0xb24ca88c0_0, 0, 1;
    %load/vec4 v0xb24c6fb60_0;
    %store/vec4 v0xb24ca8780_0, 0, 1;
    %wait E_0xb25034b40;
T_2.14 ;
    %load/vec4 v0xb24ca8820_0;
    %nor/r;
    %flag_set/vec4 8;
    %jmp/0xz T_2.15, 8;
    %wait E_0xb25034b40;
    %jmp T_2.14;
T_2.15 ;
    %wait E_0xb25034c40;
    %pushi/vec4 0, 0, 1;
    %store/vec4 v0xb24ca88c0_0, 0, 1;
    %pushi/vec4 0, 0, 1;
    %store/vec4 v0xb24ca8780_0, 0, 1;
    %end;
S_0xb24ca5800 .scope task, "send_packet" "send_packet" 2 81, 2 81 0, S_0x1052abad0;
 .timescale -9 -12;
v0xb24c6fc00_0 .var/i "b", 31 0;
v0xb24c6fca0_0 .var/i "idx", 31 0;
TD_tb_axis.send_packet ;
    %pushi/vec4 0, 0, 32;
    %store/vec4 v0xb24c6fc00_0, 0, 32;
T_3.16 ;
    %load/vec4 v0xb24c6fc00_0;
    %cmpi/s 9, 0, 32;
    %jmp/0xz T_3.17, 5;
    %load/vec4 v0xb24c6fca0_0;
    %muli 9, 0, 32;
    %load/vec4 v0xb24c6fc00_0;
    %add;
    %ix/vec4/s 4;
    %load/vec4a v0xb24ca8500, 4;
    %store/vec4 v0xb24c6fac0_0, 0, 8;
    %pushi/vec4 0, 0, 1;
    %store/vec4 v0xb24c6fb60_0, 0, 1;
    %fork TD_tb_axis.send_byte, S_0xb24ca5680;
    %join;
    %load/vec4 v0xb24c6fc00_0;
    %addi 1, 0, 32;
    %store/vec4 v0xb24c6fc00_0, 0, 32;
    %jmp T_3.16;
T_3.17 ;
    %pushi/vec4 0, 0, 32;
    %store/vec4 v0xb24c6fc00_0, 0, 32;
T_3.18 ;
    %load/vec4 v0xb24c6fc00_0;
    %cmpi/s 9, 0, 32;
    %jmp/0xz T_3.19, 5;
    %load/vec4 v0xb24c6fca0_0;
    %muli 9, 0, 32;
    %load/vec4 v0xb24c6fc00_0;
    %add;
    %ix/vec4/s 4;
    %load/vec4a v0xb24ca8a00, 4;
    %store/vec4 v0xb24c6fac0_0, 0, 8;
    %load/vec4 v0xb24c6fc00_0;
    %pushi/vec4 8, 0, 32;
    %cmp/e;
    %flag_get/vec4 4;
    %store/vec4 v0xb24c6fb60_0, 0, 1;
    %fork TD_tb_axis.send_byte, S_0xb24ca5680;
    %join;
    %load/vec4 v0xb24c6fc00_0;
    %addi 1, 0, 32;
    %store/vec4 v0xb24c6fc00_0, 0, 32;
    %jmp T_3.18;
T_3.19 ;
    %end;
    .scope S_0xb24ca4300;
T_4 ;
    %wait E_0xb25034b40;
    %load/vec4 v0xb24c6cfa0_0;
    %nor/r;
    %flag_set/vec4 8;
    %jmp/0xz  T_4.0, 8;
    %pushi/vec4 0, 0, 8;
    %assign/vec4 v0xb24c6d180_0, 0;
    %pushi/vec4 0, 0, 8;
    %assign/vec4 v0xb24c6d2c0_0, 0;
    %pushi/vec4 0, 0, 1;
    %assign/vec4 v0xb24c6d220_0, 0;
    %pushi/vec4 0, 0, 1;
    %assign/vec4 v0xb24c6d040_0, 0;
    %pushi/vec4 0, 0, 1;
    %assign/vec4 v0xb24c6d0e0_0, 0;
    %jmp T_4.1;
T_4.0 ;
    %load/vec4 v0xb24c6cf00_0;
    %assign/vec4 v0xb24c6d180_0, 0;
    %load/vec4 v0xb24c6d720_0;
    %assign/vec4 v0xb24c6d2c0_0, 0;
    %load/vec4 v0xb24c6d5e0_0;
    %assign/vec4 v0xb24c6d220_0, 0;
    %load/vec4 v0xb24c6cd20_0;
    %assign/vec4 v0xb24c6d040_0, 0;
    %load/vec4 v0xb24c6ce60_0;
    %assign/vec4 v0xb24c6d0e0_0, 0;
T_4.1 ;
    %jmp T_4;
    .thread T_4;
    .scope S_0xb24ca4300;
T_5 ;
    %wait E_0xb25034b40;
    %load/vec4 v0xb24c6cfa0_0;
    %nor/r;
    %flag_set/vec4 8;
    %jmp/0xz  T_5.0, 8;
    %pushi/vec4 0, 0, 16;
    %assign/vec4 v0xb24c6d4a0_0, 0;
    %pushi/vec4 0, 0, 1;
    %assign/vec4 v0xb24c6d540_0, 0;
    %pushi/vec4 0, 0, 1;
    %assign/vec4 v0xb24c6d360_0, 0;
    %pushi/vec4 0, 0, 1;
    %assign/vec4 v0xb24c6d400_0, 0;
    %jmp T_5.1;
T_5.0 ;
    %load/vec4 v0xb24c6d180_0;
    %pad/u 16;
    %load/vec4 v0xb24c6d2c0_0;
    %pad/u 16;
    %mul;
    %assign/vec4 v0xb24c6d4a0_0, 0;
    %load/vec4 v0xb24c6d220_0;
    %assign/vec4 v0xb24c6d540_0, 0;
    %load/vec4 v0xb24c6d040_0;
    %assign/vec4 v0xb24c6d360_0, 0;
    %load/vec4 v0xb24c6d0e0_0;
    %assign/vec4 v0xb24c6d400_0, 0;
T_5.1 ;
    %jmp T_5;
    .thread T_5;
    .scope S_0xb24ca4300;
T_6 ;
    %wait E_0xb25034b40;
    %load/vec4 v0xb24c6cfa0_0;
    %nor/r;
    %flag_set/vec4 8;
    %jmp/0xz  T_6.0, 8;
    %pushi/vec4 0, 0, 20;
    %assign/vec4 v0xb24c6c500_0, 0;
    %pushi/vec4 0, 0, 1;
    %assign/vec4 v0xb24c6d680_0, 0;
    %jmp T_6.1;
T_6.0 ;
    %load/vec4 v0xb24c6d540_0;
    %flag_set/vec4 8;
    %flag_get/vec4 8;
    %jmp/0 T_6.2, 8;
    %load/vec4 v0xb24c6d400_0;
    %and;
T_6.2;
    %assign/vec4 v0xb24c6d680_0, 0;
    %load/vec4 v0xb24c6d360_0;
    %flag_set/vec4 8;
    %jmp/0xz  T_6.3, 8;
    %pushi/vec4 0, 0, 4;
    %load/vec4 v0xb24c6d4a0_0;
    %concat/vec4; draw_concat_vec4
    %assign/vec4 v0xb24c6c500_0, 0;
    %jmp T_6.4;
T_6.3 ;
    %load/vec4 v0xb24c6d540_0;
    %flag_set/vec4 8;
    %jmp/0xz  T_6.5, 8;
    %load/vec4 v0xb24c6c500_0;
    %pushi/vec4 0, 0, 4;
    %load/vec4 v0xb24c6d4a0_0;
    %concat/vec4; draw_concat_vec4
    %add;
    %assign/vec4 v0xb24c6c500_0, 0;
T_6.5 ;
T_6.4 ;
T_6.1 ;
    %jmp T_6;
    .thread T_6;
    .scope S_0xb24ca4180;
T_7 ;
    %wait E_0xb25034b40;
    %load/vec4 v0xb24c6dd60_0;
    %nor/r;
    %flag_set/vec4 8;
    %jmp/0xz  T_7.0, 8;
    %pushi/vec4 0, 0, 4;
    %assign/vec4 v0xb24c6df40_0, 0;
    %pushi/vec4 0, 0, 1;
    %assign/vec4 v0xb24c6de00_0, 0;
    %jmp T_7.1;
T_7.0 ;
    %load/vec4 v0xb24c6dea0_0;
    %flag_set/vec4 8;
    %jmp/0xz  T_7.2, 8;
    %pushi/vec4 1, 0, 1;
    %assign/vec4 v0xb24c6de00_0, 0;
    %pushi/vec4 0, 0, 4;
    %assign/vec4 v0xb24c6df40_0, 0;
    %jmp T_7.3;
T_7.2 ;
    %load/vec4 v0xb24c6de00_0;
    %flag_set/vec4 8;
    %jmp/0xz  T_7.4, 8;
    %load/vec4 v0xb24c6df40_0;
    %pad/u 32;
    %cmpi/e 8, 0, 32;
    %jmp/0xz  T_7.6, 4;
    %pushi/vec4 0, 0, 1;
    %assign/vec4 v0xb24c6de00_0, 0;
    %pushi/vec4 0, 0, 4;
    %assign/vec4 v0xb24c6df40_0, 0;
    %jmp T_7.7;
T_7.6 ;
    %load/vec4 v0xb24c6df40_0;
    %addi 1, 0, 4;
    %assign/vec4 v0xb24c6df40_0, 0;
T_7.7 ;
T_7.4 ;
T_7.3 ;
T_7.1 ;
    %jmp T_7;
    .thread T_7;
    .scope S_0xb24ca4180;
T_8 ;
    %wait E_0xb25034b00;
    %load/vec4 v0xb24c6df40_0;
    %pad/u 5;
    %ix/vec4 4;
    %load/vec4a v0xb24c6dc20, 4;
    %store/vec4 v0xb24c6d860_0, 0, 8;
    %load/vec4 v0xb24c6df40_0;
    %pad/u 5;
    %ix/vec4 4;
    %load/vec4a v0xb24c6e120, 4;
    %store/vec4 v0xb24c6d900_0, 0, 8;
    %load/vec4 v0xb24c6de00_0;
    %store/vec4 v0xb24c6dae0_0, 0, 1;
    %load/vec4 v0xb24c6de00_0;
    %flag_set/vec4 8;
    %flag_get/vec4 8;
    %jmp/0 T_8.0, 8;
    %load/vec4 v0xb24c6df40_0;
    %pad/u 32;
    %pushi/vec4 0, 0, 32;
    %cmp/e;
    %flag_get/vec4 4;
    %and;
T_8.0;
    %store/vec4 v0xb24c6d9a0_0, 0, 1;
    %load/vec4 v0xb24c6de00_0;
    %flag_set/vec4 8;
    %flag_get/vec4 8;
    %jmp/0 T_8.1, 8;
    %load/vec4 v0xb24c6df40_0;
    %pad/u 32;
    %pushi/vec4 8, 0, 32;
    %cmp/e;
    %flag_get/vec4 4;
    %and;
T_8.1;
    %store/vec4 v0xb24c6da40_0, 0, 1;
    %jmp T_8;
    .thread T_8, $push;
    .scope S_0xb24ca5200;
T_9 ;
    %wait E_0xb25034b40;
    %load/vec4 v0xb24c6e440_0;
    %nor/r;
    %flag_set/vec4 8;
    %jmp/0xz  T_9.0, 8;
    %pushi/vec4 0, 0, 8;
    %assign/vec4 v0xb24c6e300_0, 0;
    %pushi/vec4 0, 0, 1;
    %assign/vec4 v0xb24c6e580_0, 0;
    %jmp T_9.1;
T_9.0 ;
    %load/vec4 v0xb24c6e4e0_0;
    %assign/vec4 v0xb24c6e580_0, 0;
    %load/vec4 v0xb24c6e3a0_0;
    %cmpi/s 0, 0, 20;
    %flag_or 5, 4;
    %jmp/0xz  T_9.2, 5;
    %pushi/vec4 0, 0, 8;
    %assign/vec4 v0xb24c6e300_0, 0;
    %jmp T_9.3;
T_9.2 ;
    %load/vec4 v0xb24c6e260_0;
    %cmpi/u 255, 0, 20;
    %flag_or 5, 4; GT is !LE
    %flag_inv 5;
    %jmp/0xz  T_9.4, 5;
    %pushi/vec4 255, 0, 8;
    %assign/vec4 v0xb24c6e300_0, 0;
    %jmp T_9.5;
T_9.4 ;
    %load/vec4 v0xb24c6e260_0;
    %parti/s 8, 0, 2;
    %assign/vec4 v0xb24c6e300_0, 0;
T_9.5 ;
T_9.3 ;
T_9.1 ;
    %jmp T_9;
    .thread T_9;
    .scope S_0xb24ca4000;
T_10 ;
    %wait E_0xb25034b40;
    %load/vec4 v0xb24c6ea80_0;
    %nor/r;
    %flag_set/vec4 8;
    %jmp/0xz  T_10.0, 8;
    %pushi/vec4 0, 0, 1;
    %assign/vec4 v0xb24c6e620_0, 0;
    %jmp T_10.1;
T_10.0 ;
    %load/vec4 v0xb24c6eb20_0;
    %flag_set/vec4 9;
    %flag_get/vec4 9;
    %jmp/0 T_10.4, 9;
    %load/vec4 v0xb24c6e940_0;
    %and;
T_10.4;
    %flag_set/vec4 8;
    %jmp/0xz  T_10.2, 8;
    %pushi/vec4 1, 0, 1;
    %assign/vec4 v0xb24c6e620_0, 0;
    %jmp T_10.3;
T_10.2 ;
    %load/vec4 v0xb24c6e800_0;
    %flag_set/vec4 8;
    %jmp/0xz  T_10.5, 8;
    %pushi/vec4 0, 0, 1;
    %assign/vec4 v0xb24c6e620_0, 0;
T_10.5 ;
T_10.3 ;
T_10.1 ;
    %jmp T_10;
    .thread T_10;
    .scope S_0x1052abc50;
T_11 ;
    %wait E_0xb25034b40;
    %load/vec4 v0xb24c6eee0_0;
    %nor/r;
    %flag_set/vec4 8;
    %jmp/0xz  T_11.0, 8;
    %pushi/vec4 0, 0, 2;
    %assign/vec4 v0xb24c6f8e0_0, 0;
    %pushi/vec4 0, 0, 5;
    %assign/vec4 v0xb24c6f020_0, 0;
    %pushi/vec4 0, 0, 1;
    %assign/vec4 v0xb24c6f200_0, 0;
    %jmp T_11.1;
T_11.0 ;
    %pushi/vec4 0, 0, 1;
    %assign/vec4 v0xb24c6f200_0, 0;
    %load/vec4 v0xb24c6f8e0_0;
    %dup/vec4;
    %pushi/vec4 0, 0, 2;
    %cmp/u;
    %jmp/1 T_11.2, 6;
    %dup/vec4;
    %pushi/vec4 1, 0, 2;
    %cmp/u;
    %jmp/1 T_11.3, 6;
    %dup/vec4;
    %pushi/vec4 2, 0, 2;
    %cmp/u;
    %jmp/1 T_11.4, 6;
    %pushi/vec4 0, 0, 2;
    %assign/vec4 v0xb24c6f8e0_0, 0;
    %jmp T_11.6;
T_11.2 ;
    %load/vec4 v0xb24c6f840_0;
    %flag_set/vec4 9;
    %flag_get/vec4 9;
    %jmp/0 T_11.9, 9;
    %load/vec4 v0xb24c6f7a0_0;
    %and;
T_11.9;
    %flag_set/vec4 8;
    %jmp/0xz  T_11.7, 8;
    %load/vec4 v0xb24c6f660_0;
    %load/vec4 v0xb24c6f020_0;
    %pad/u 6;
    %ix/vec4 3;
    %ix/load 4, 0, 0; Constant delay
    %assign/vec4/a/d v0xb24c6ef80, 0, 4;
    %load/vec4 v0xb24c6f020_0;
    %pad/u 64;
    %cmpi/e 17, 0, 64;
    %jmp/0xz  T_11.10, 4;
    %pushi/vec4 0, 0, 5;
    %assign/vec4 v0xb24c6f020_0, 0;
    %pushi/vec4 1, 0, 2;
    %assign/vec4 v0xb24c6f8e0_0, 0;
    %jmp T_11.11;
T_11.10 ;
    %load/vec4 v0xb24c6f020_0;
    %addi 1, 0, 5;
    %assign/vec4 v0xb24c6f020_0, 0;
T_11.11 ;
T_11.7 ;
    %jmp T_11.6;
T_11.3 ;
    %load/vec4 v0xb24c6f0c0_0;
    %flag_set/vec4 8;
    %jmp/0xz  T_11.12, 8;
    %pushi/vec4 1, 0, 1;
    %assign/vec4 v0xb24c6f200_0, 0;
    %pushi/vec4 2, 0, 2;
    %assign/vec4 v0xb24c6f8e0_0, 0;
T_11.12 ;
    %jmp T_11.6;
T_11.4 ;
    %load/vec4 v0xb24c6f2a0_0;
    %flag_set/vec4 8;
    %jmp/0xz  T_11.14, 8;
    %pushi/vec4 0, 0, 2;
    %assign/vec4 v0xb24c6f8e0_0, 0;
T_11.14 ;
    %jmp T_11.6;
T_11.6 ;
    %pop/vec4 1;
T_11.1 ;
    %jmp T_11;
    .thread T_11;
    .scope S_0x1052abc50;
T_12 ;
    %wait E_0xb25034b40;
    %load/vec4 v0xb24c6eee0_0;
    %nor/r;
    %flag_set/vec4 8;
    %jmp/0xz  T_12.0, 8;
    %pushi/vec4 0, 0, 8;
    %assign/vec4 v0xb24c6f340_0, 0;
    %pushi/vec4 0, 0, 1;
    %assign/vec4 v0xb24c6f520_0, 0;
    %pushi/vec4 0, 0, 1;
    %assign/vec4 v0xb24c6f3e0_0, 0;
    %jmp T_12.1;
T_12.0 ;
    %load/vec4 v0xb24c6f2a0_0;
    %flag_set/vec4 9;
    %flag_get/vec4 9;
    %jmp/0 T_12.4, 9;
    %load/vec4 v0xb24c6f520_0;
    %nor/r;
    %and;
T_12.4;
    %flag_set/vec4 8;
    %jmp/0xz  T_12.2, 8;
    %load/vec4 v0xb24c6f160_0;
    %assign/vec4 v0xb24c6f340_0, 0;
    %pushi/vec4 1, 0, 1;
    %assign/vec4 v0xb24c6f520_0, 0;
    %pushi/vec4 1, 0, 1;
    %assign/vec4 v0xb24c6f3e0_0, 0;
    %jmp T_12.3;
T_12.2 ;
    %load/vec4 v0xb24c6f520_0;
    %flag_set/vec4 9;
    %flag_get/vec4 9;
    %jmp/0 T_12.7, 9;
    %load/vec4 v0xb24c6f480_0;
    %and;
T_12.7;
    %flag_set/vec4 8;
    %jmp/0xz  T_12.5, 8;
    %pushi/vec4 0, 0, 1;
    %assign/vec4 v0xb24c6f520_0, 0;
    %pushi/vec4 0, 0, 1;
    %assign/vec4 v0xb24c6f3e0_0, 0;
T_12.5 ;
T_12.3 ;
T_12.1 ;
    %jmp T_12;
    .thread T_12;
    .scope S_0x1052abad0;
T_13 ;
    %pushi/vec4 0, 0, 1;
    %store/vec4 v0xb24c6fd40_0, 0, 1;
    %end;
    .thread T_13;
    .scope S_0x1052abad0;
T_14 ;
    %delay 5000, 0;
    %load/vec4 v0xb24c6fd40_0;
    %inv;
    %store/vec4 v0xb24c6fd40_0, 0, 1;
    %jmp T_14;
    .thread T_14;
    .scope S_0x1052abad0;
T_15 ;
    %vpi_call 2 30 "$dumpfile", "sim/waveform_axis.vcd" {0 0 0};
    %vpi_call 2 31 "$dumpvars", 32'sb00000000000000000000000000000000, S_0x1052abad0 {0 0 0};
    %end;
    .thread T_15;
    .scope S_0x1052abad0;
T_16 ;
    %pushi/vec4 0, 0, 1;
    %store/vec4 v0xb24c6fde0_0, 0, 1;
    %pushi/vec4 0, 0, 1;
    %store/vec4 v0xb24ca88c0_0, 0, 1;
    %pushi/vec4 0, 0, 1;
    %store/vec4 v0xb24ca8780_0, 0, 1;
    %pushi/vec4 0, 0, 8;
    %store/vec4 v0xb24ca86e0_0, 0, 8;
    %pushi/vec4 0, 0, 1;
    %store/vec4 v0xb24ca8320_0, 0, 1;
    %pushi/vec4 0, 0, 32;
    %store/vec4 v0xb24ca8460_0, 0, 32;
    %pushi/vec4 0, 0, 32;
    %store/vec4 v0xb24c6ff20_0, 0, 32;
    %fork TD_tb_axis.load_vectors, S_0xb24ca5380;
    %join;
    %vpi_call 2 118 "$display", "Loaded %0d test vectors.", P_0xb25061ec0 {0 0 0};
    %pushi/vec4 3, 0, 32;
T_16.0 %dup/vec4;
    %pushi/vec4 0, 0, 32;
    %cmp/s;
    %jmp/1xz T_16.1, 5;
    %jmp/1 T_16.1, 4;
    %pushi/vec4 1, 0, 32;
    %sub;
    %wait E_0xb25034b40;
    %jmp T_16.0;
T_16.1 ;
    %pop/vec4 1;
    %pushi/vec4 1, 0, 1;
    %store/vec4 v0xb24c6fde0_0, 0, 1;
    %wait E_0xb25034b40;
    %vpi_call 2 124 "$display", "--- AXI-Stream: 256 packets ---" {0 0 0};
    %pushi/vec4 0, 0, 32;
    %store/vec4 v0xb24ca80a0_0, 0, 32;
T_16.2 ;
    %load/vec4 v0xb24ca80a0_0;
    %cmpi/s 256, 0, 32;
    %jmp/0xz T_16.3, 5;
    %fork t_1, S_0x1052abad0;
    %fork t_2, S_0x1052abad0;
    %join;
    %join;
    %jmp t_0;
t_1 ;
    %load/vec4 v0xb24ca80a0_0;
    %store/vec4 v0xb24c6fca0_0, 0, 32;
    %fork TD_tb_axis.send_packet, S_0xb24ca5800;
    %join;
    %end;
t_2 ;
    %fork TD_tb_axis.recv_result, S_0xb24ca5500;
    %join;
    %end;
    .scope S_0x1052abad0;
t_0 ;
    %load/vec4 v0xb24ca8640_0;
    %ix/getv/s 4, v0xb24ca80a0_0;
    %load/vec4a v0xb24c6fe80, 4;
    %cmp/e;
    %jmp/0xz  T_16.4, 6;
    %vpi_call 2 133 "$display", "  PASS [idx %03d]: expected=%02h  got=%02h", v0xb24ca80a0_0, &A<v0xb24c6fe80, v0xb24ca80a0_0 >, v0xb24ca8640_0 {0 0 0};
    %load/vec4 v0xb24ca8460_0;
    %addi 1, 0, 32;
    %store/vec4 v0xb24ca8460_0, 0, 32;
    %jmp T_16.5;
T_16.4 ;
    %vpi_call 2 136 "$display", "  FAIL [idx %03d]: expected=%02h  got=%02h  *** MISMATCH ***", v0xb24ca80a0_0, &A<v0xb24c6fe80, v0xb24ca80a0_0 >, v0xb24ca8640_0 {0 0 0};
    %load/vec4 v0xb24c6ff20_0;
    %addi 1, 0, 32;
    %store/vec4 v0xb24c6ff20_0, 0, 32;
T_16.5 ;
    %load/vec4 v0xb24ca80a0_0;
    %addi 1, 0, 32;
    %store/vec4 v0xb24ca80a0_0, 0, 32;
    %jmp T_16.2;
T_16.3 ;
    %vpi_call 2 141 "$display", "\000" {0 0 0};
    %vpi_call 2 142 "$display", "=============================================" {0 0 0};
    %load/vec4 v0xb24c6ff20_0;
    %cmpi/e 0, 0, 32;
    %jmp/0xz  T_16.6, 4;
    %vpi_call 2 144 "$display", "RESULT: %0d/%0d AXI-Stream tests PASSED.", v0xb24ca8460_0, P_0xb25061ec0 {0 0 0};
    %jmp T_16.7;
T_16.6 ;
    %vpi_call 2 146 "$display", "RESULT: %0d FAILED, %0d passed.", v0xb24c6ff20_0, v0xb24ca8460_0 {0 0 0};
T_16.7 ;
    %vpi_call 2 147 "$display", "=============================================" {0 0 0};
    %vpi_call 2 148 "$finish" {0 0 0};
    %end;
    .thread T_16;
# The file index is used to find the file name in the following table.
:file_names 8;
    "N/A";
    "<interactive>";
    "sim/tb_axis.v";
    "src/cnn_layer_axis.v";
    "src/cnn_layer.v";
    "src/conv3x3.v";
    "src/mac_pe.v";
    "src/relu.v";
